This is pdfTeX, Version 3.14159265-2.6-1.40.19 (TeX Live 2018) (preloaded format=pdflatex 2019.2.3)  16 SEP 2019 11:21
entering extended mode
 restricted \write18 enabled.
 file:line:error style messages enabled.
 %&-line parsing enabled.
**/Users/lucacappelletti/github/networkx/adigraph_result.tex
(/Users/lucacappelletti/github/networkx/adigraph_result.tex
LaTeX2e <2018-04-01> patch level 2
Babel <3.18> and hyphenation patterns for 84 language(s) loaded.
(/usr/local/texlive/2018/texmf-dist/tex/latex/base/report.cls
Document Class: report 2014/09/29 v1.4h Standard LaTeX document class
(/usr/local/texlive/2018/texmf-dist/tex/latex/base/size10.clo
File: size10.clo 2014/09/29 v1.4h Standard LaTeX file (size option)
)
\c@part=\count80
\c@chapter=\count81
\c@section=\count82
\c@subsection=\count83
\c@subsubsection=\count84
\c@paragraph=\count85
\c@subparagraph=\count86
\c@figure=\count87
\c@table=\count88
\abovecaptionskip=\skip41
\belowcaptionskip=\skip42
\bibindent=\dimen102
) (/usr/local/texlive/2018/texmf-dist/tex/latex/adigraph/adigraph.sty
Package: adigraph 2018/03/27 v1.5.1LaTeX package for creating augmenting directed graphs
 (/usr/local/texlive/2018/texmf-dist/tex/latex/etoolbox/etoolbox.sty
Package: etoolbox 2018/02/11 v2.5e e-TeX tools for LaTeX (JAW)
\etb@tempcnta=\count89
) (/usr/local/texlive/2018/texmf-dist/tex/latex/fp/fp.sty
Package: fp 1995/04/02
 `Fixed Point Package', Version 0.8, April 2, 1995 (C) Michael Mehlich (/usr/local/texlive/2018/texmf-dist/tex/latex/fp/defpattern.sty
Package: defpattern 1994/10/12
\actioncount=\count90
) (/usr/local/texlive/2018/texmf-dist/tex/latex/fp/fp-basic.sty
Package: fp-basic 1996/05/13
\FP@xs=\count91
\FP@xia=\count92
\FP@xib=\count93
\FP@xfa=\count94
\FP@xfb=\count95
\FP@rega=\count96
\FP@regb=\count97
\FP@regs=\count98
\FP@times=\count99
) (/usr/local/texlive/2018/texmf-dist/tex/latex/fp/fp-addons.sty
Package: fp-addons 1995/03/15
) (/usr/local/texlive/2018/texmf-dist/tex/latex/fp/fp-snap.sty
Package: fp-snap 1995/04/05
) (/usr/local/texlive/2018/texmf-dist/tex/latex/fp/fp-exp.sty
Package: fp-exp 1995/04/03
) (/usr/local/texlive/2018/texmf-dist/tex/latex/fp/fp-trigo.sty
Package: fp-trigo 1995/04/14
) (/usr/local/texlive/2018/texmf-dist/tex/latex/fp/fp-pas.sty
Package: fp-pas 1994/08/29
) (/usr/local/texlive/2018/texmf-dist/tex/latex/fp/fp-random.sty
Package: fp-random 1995/02/23
\FPseed=\count100
) (/usr/local/texlive/2018/texmf-dist/tex/latex/fp/fp-eqn.sty
Package: fp-eqn 1995/04/03
) (/usr/local/texlive/2018/texmf-dist/tex/latex/fp/fp-upn.sty
Package: fp-upn 1996/10/21
) (/usr/local/texlive/2018/texmf-dist/tex/latex/fp/fp-eval.sty
Package: fp-eval 1995/04/03
)) (/usr/local/texlive/2018/texmf-dist/tex/latex/l3packages/xparse/xparse.sty (/usr/local/texlive/2018/texmf-dist/tex/latex/l3kernel/expl3.sty
Package: expl3 2018/03/05 L3 programming layer (loader) 
 (/usr/local/texlive/2018/texmf-dist/tex/latex/l3kernel/expl3-code.tex
Package: expl3 2018/03/05 L3 programming layer (code)
\c_max_int=\count101
\l_tmpa_int=\count102
\l_tmpb_int=\count103
\g_tmpa_int=\count104
\g_tmpb_int=\count105
\g__intarray_font_int=\count106
\g__prg_map_int=\count107
\c_log_iow=\count108
\l_iow_line_count_int=\count109
\l__iow_line_target_int=\count110
\l__iow_one_indent_int=\count111
\l__iow_indent_int=\count112
\c_zero_dim=\dimen103
\c_max_dim=\dimen104
\l_tmpa_dim=\dimen105
\l_tmpb_dim=\dimen106
\g_tmpa_dim=\dimen107
\g_tmpb_dim=\dimen108
\c_zero_skip=\skip43
\c_max_skip=\skip44
\l_tmpa_skip=\skip45
\l_tmpb_skip=\skip46
\g_tmpa_skip=\skip47
\g_tmpb_skip=\skip48
\c_zero_muskip=\muskip10
\c_max_muskip=\muskip11
\l_tmpa_muskip=\muskip12
\l_tmpb_muskip=\muskip13
\g_tmpa_muskip=\muskip14
\g_tmpb_muskip=\muskip15
\l_keys_choice_int=\count113
\c__fp_leading_shift_int=\count114
\c__fp_middle_shift_int=\count115
\c__fp_trailing_shift_int=\count116
\c__fp_big_leading_shift_int=\count117
\c__fp_big_middle_shift_int=\count118
\c__fp_big_trailing_shift_int=\count119
\c__fp_Bigg_leading_shift_int=\count120
\c__fp_Bigg_middle_shift_int=\count121
\c__fp_Bigg_trailing_shift_int=\count122
\c__fp_rand_size_int=\count123
\c__fp_rand_four_int=\count124
\c__fp_rand_eight_int=\count125
\l__sort_length_int=\count126
\l__sort_min_int=\count127
\l__sort_top_int=\count128
\l__sort_max_int=\count129
\l__sort_true_max_int=\count130
\l__sort_block_int=\count131
\l__sort_begin_int=\count132
\l__sort_end_int=\count133
\l__sort_A_int=\count134
\l__sort_B_int=\count135
\l__sort_C_int=\count136
\l__tl_build_start_index_int=\count137
\l__tl_build_index_int=\count138
\l__tl_analysis_normal_int=\count139
\l__tl_analysis_index_int=\count140
\l__tl_analysis_nesting_int=\count141
\l__tl_analysis_type_int=\count142
\l__regex_internal_a_int=\count143
\l__regex_internal_b_int=\count144
\l__regex_internal_c_int=\count145
\l__regex_balance_int=\count146
\l__regex_group_level_int=\count147
\l__regex_mode_int=\count148
\c__regex_cs_in_class_mode_int=\count149
\c__regex_cs_mode_int=\count150
\l__regex_catcodes_int=\count151
\l__regex_default_catcodes_int=\count152
\c__regex_catcode_D_int=\count153
\c__regex_catcode_S_int=\count154
\c__regex_catcode_L_int=\count155
\c__regex_catcode_O_int=\count156
\c__regex_catcode_A_int=\count157
\c__regex_all_catcodes_int=\count158
\l__regex_show_lines_int=\count159
\l__regex_min_state_int=\count160
\l__regex_max_state_int=\count161
\l__regex_left_state_int=\count162
\l__regex_right_state_int=\count163
\l__regex_capturing_group_int=\count164
\l__regex_min_pos_int=\count165
\l__regex_max_pos_int=\count166
\l__regex_curr_pos_int=\count167
\l__regex_start_pos_int=\count168
\l__regex_success_pos_int=\count169
\l__regex_curr_char_int=\count170
\l__regex_curr_catcode_int=\count171
\l__regex_last_char_int=\count172
\l__regex_case_changed_char_int=\count173
\l__regex_curr_state_int=\count174
\l__regex_step_int=\count175
\l__regex_min_active_int=\count176
\l__regex_max_active_int=\count177
\l__regex_replacement_csnames_int=\count178
\l__regex_match_count_int=\count179
\l__regex_min_submatch_int=\count180
\l__regex_submatch_int=\count181
\l__regex_zeroth_submatch_int=\count182
\g__regex_trace_regex_int=\count183
\c_empty_box=\box26
\l_tmpa_box=\box27
\l_tmpb_box=\box28
\g_tmpa_box=\box29
\g_tmpb_box=\box30
\l__box_top_dim=\dimen109
\l__box_bottom_dim=\dimen110
\l__box_left_dim=\dimen111
\l__box_right_dim=\dimen112
\l__box_top_new_dim=\dimen113
\l__box_bottom_new_dim=\dimen114
\l__box_left_new_dim=\dimen115
\l__box_right_new_dim=\dimen116
\l__box_internal_box=\box31
\l__coffin_internal_box=\box32
\l__coffin_internal_dim=\dimen117
\l__coffin_offset_x_dim=\dimen118
\l__coffin_offset_y_dim=\dimen119
\l__coffin_x_dim=\dimen120
\l__coffin_y_dim=\dimen121
\l__coffin_x_prime_dim=\dimen122
\l__coffin_y_prime_dim=\dimen123
\c_empty_coffin=\box33
\l__coffin_aligned_coffin=\box34
\l__coffin_aligned_internal_coffin=\box35
\l_tmpa_coffin=\box36
\l_tmpb_coffin=\box37
\l__coffin_display_coffin=\box38
\l__coffin_display_coord_coffin=\box39
\l__coffin_display_pole_coffin=\box40
\l__coffin_display_offset_dim=\dimen124
\l__coffin_display_x_dim=\dimen125
\l__coffin_display_y_dim=\dimen126
\l__coffin_bounding_shift_dim=\dimen127
\l__coffin_left_corner_dim=\dimen128
\l__coffin_right_corner_dim=\dimen129
\l__coffin_bottom_corner_dim=\dimen130
\l__coffin_top_corner_dim=\dimen131
\l__coffin_scaled_total_height_dim=\dimen132
\l__coffin_scaled_width_dim=\dimen133
) (/usr/local/texlive/2018/texmf-dist/tex/latex/l3kernel/l3pdfmode.def
File: l3pdfmode.def 2017/03/18 v L3 Experimental driver: PDF mode
\l__driver_color_stack_int=\count184
))
Package: xparse 2018/02/21 L3 Experimental document command parser
\l__xparse_current_arg_int=\count185
\g__xparse_grabber_int=\count186
\l__xparse_m_args_int=\count187
\l__xparse_mandatory_args_int=\count188
\l__xparse_v_nesting_int=\count189
) (/usr/local/texlive/2018/texmf-dist/tex/generic/xstring/xstring.sty (/usr/local/texlive/2018/texmf-dist/tex/generic/xstring/xstring.tex
\@xs@message=\write3
\integerpart=\count190
\decimalpart=\count191
)
Package: xstring 2013/10/13  v1.7c  String manipulations (C Tellechea)
) (/usr/local/texlive/2018/texmf-dist/tex/latex/pgf/frontendlayer/tikz.sty (/usr/local/texlive/2018/texmf-dist/tex/latex/pgf/basiclayer/pgf.sty (/usr/local/texlive/2018/texmf-dist/tex/latex/pgf/utilities/pgfrcs.sty (/usr/local/texlive/2018/texmf-dist/tex/generic/pgf/utilities/pgfutil-common.tex
\pgfutil@everybye=\toks14
\pgfutil@tempdima=\dimen134
\pgfutil@tempdimb=\dimen135
 (/usr/local/texlive/2018/texmf-dist/tex/generic/pgf/utilities/pgfutil-common-lists.tex)) (/usr/local/texlive/2018/texmf-dist/tex/generic/pgf/utilities/pgfutil-latex.def
\pgfutil@abb=\box41
 (/usr/local/texlive/2018/texmf-dist/tex/latex/ms/everyshi.sty
Package: everyshi 2001/05/15 v3.00 EveryShipout Package (MS)
)) (/usr/local/texlive/2018/texmf-dist/tex/generic/pgf/utilities/pgfrcs.code.tex
Package: pgfrcs 2015/08/07 v3.0.1a (rcs-revision 1.31)
))
Package: pgf 2015/08/07 v3.0.1a (rcs-revision 1.15)
 (/usr/local/texlive/2018/texmf-dist/tex/latex/pgf/basiclayer/pgfcore.sty (/usr/local/texlive/2018/texmf-dist/tex/latex/graphics/graphicx.sty
Package: graphicx 2017/06/01 v1.1a Enhanced LaTeX Graphics (DPC,SPQR)
 (/usr/local/texlive/2018/texmf-dist/tex/latex/graphics/keyval.sty
Package: keyval 2014/10/28 v1.15 key=value parser (DPC)
\KV@toks@=\toks15
) (/usr/local/texlive/2018/texmf-dist/tex/latex/graphics/graphics.sty
Package: graphics 2017/06/25 v1.2c Standard LaTeX Graphics (DPC,SPQR)
 (/usr/local/texlive/2018/texmf-dist/tex/latex/graphics/trig.sty
Package: trig 2016/01/03 v1.10 sin cos tan (DPC)
) (/usr/local/texlive/2018/texmf-dist/tex/latex/graphics-cfg/graphics.cfg
File: graphics.cfg 2016/06/04 v1.11 sample graphics configuration
)
Package graphics Info: Driver file: pdftex.def on input line 99.
 (/usr/local/texlive/2018/texmf-dist/tex/latex/graphics-def/pdftex.def
File: pdftex.def 2018/01/08 v1.0l Graphics/color driver for pdftex
))
\Gin@req@height=\dimen136
\Gin@req@width=\dimen137
) (/usr/local/texlive/2018/texmf-dist/tex/latex/pgf/systemlayer/pgfsys.sty (/usr/local/texlive/2018/texmf-dist/tex/generic/pgf/systemlayer/pgfsys.code.tex
Package: pgfsys 2014/07/09 v3.0.1a (rcs-revision 1.48)
 (/usr/local/texlive/2018/texmf-dist/tex/generic/pgf/utilities/pgfkeys.code.tex
\pgfkeys@pathtoks=\toks16
\pgfkeys@temptoks=\toks17
 (/usr/local/texlive/2018/texmf-dist/tex/generic/pgf/utilities/pgfkeysfiltered.code.tex
\pgfkeys@tmptoks=\toks18
))
\pgf@x=\dimen138
\pgf@y=\dimen139
\pgf@xa=\dimen140
\pgf@ya=\dimen141
\pgf@xb=\dimen142
\pgf@yb=\dimen143
\pgf@xc=\dimen144
\pgf@yc=\dimen145
\w@pgf@writea=\write4
\r@pgf@reada=\read1
\c@pgf@counta=\count192
\c@pgf@countb=\count193
\c@pgf@countc=\count194
\c@pgf@countd=\count195
\t@pgf@toka=\toks19
\t@pgf@tokb=\toks20
\t@pgf@tokc=\toks21
 (/usr/local/texlive/2018/texmf-dist/tex/generic/pgf/systemlayer/pgf.cfg
File: pgf.cfg 2008/05/14  (rcs-revision 1.7)
)
Driver file for pgf: pgfsys-pdftex.def
 (/usr/local/texlive/2018/texmf-dist/tex/generic/pgf/systemlayer/pgfsys-pdftex.def
File: pgfsys-pdftex.def 2014/10/11  (rcs-revision 1.35)
 (/usr/local/texlive/2018/texmf-dist/tex/generic/pgf/systemlayer/pgfsys-common-pdf.def
File: pgfsys-common-pdf.def 2013/10/10  (rcs-revision 1.13)
))) (/usr/local/texlive/2018/texmf-dist/tex/generic/pgf/systemlayer/pgfsyssoftpath.code.tex
File: pgfsyssoftpath.code.tex 2013/09/09  (rcs-revision 1.9)
\pgfsyssoftpath@smallbuffer@items=\count196
\pgfsyssoftpath@bigbuffer@items=\count197
) (/usr/local/texlive/2018/texmf-dist/tex/generic/pgf/systemlayer/pgfsysprotocol.code.tex
File: pgfsysprotocol.code.tex 2006/10/16  (rcs-revision 1.4)
)) (/usr/local/texlive/2018/texmf-dist/tex/latex/xcolor/xcolor.sty
Package: xcolor 2016/05/11 v2.12 LaTeX color extensions (UK)
 (/usr/local/texlive/2018/texmf-dist/tex/latex/graphics-cfg/color.cfg
File: color.cfg 2016/01/02 v1.6 sample color configuration
)
Package xcolor Info: Driver file: pdftex.def on input line 225.
Package xcolor Info: Model `cmy' substituted by `cmy0' on input line 1348.
Package xcolor Info: Model `hsb' substituted by `rgb' on input line 1352.
Package xcolor Info: Model `RGB' extended on input line 1364.
Package xcolor Info: Model `HTML' substituted by `rgb' on input line 1366.
Package xcolor Info: Model `Hsb' substituted by `hsb' on input line 1367.
Package xcolor Info: Model `tHsb' substituted by `hsb' on input line 1368.
Package xcolor Info: Model `HSB' substituted by `hsb' on input line 1369.
Package xcolor Info: Model `Gray' substituted by `gray' on input line 1370.
Package xcolor Info: Model `wave' substituted by `hsb' on input line 1371.
) (/usr/local/texlive/2018/texmf-dist/tex/generic/pgf/basiclayer/pgfcore.code.tex
Package: pgfcore 2010/04/11 v3.0.1a (rcs-revision 1.7)
 (/usr/local/texlive/2018/texmf-dist/tex/generic/pgf/math/pgfmath.code.tex (/usr/local/texlive/2018/texmf-dist/tex/generic/pgf/math/pgfmathcalc.code.tex (/usr/local/texlive/2018/texmf-dist/tex/generic/pgf/math/pgfmathutil.code.tex) (/usr/local/texlive/2018/texmf-dist/tex/generic/pgf/math/pgfmathparser.code.tex
\pgfmath@dimen=\dimen146
\pgfmath@count=\count198
\pgfmath@box=\box42
\pgfmath@toks=\toks22
\pgfmath@stack@operand=\toks23
\pgfmath@stack@operation=\toks24
) (/usr/local/texlive/2018/texmf-dist/tex/generic/pgf/math/pgfmathfunctions.code.tex (/usr/local/texlive/2018/texmf-dist/tex/generic/pgf/math/pgfmathfunctions.basic.code.tex) (/usr/local/texlive/2018/texmf-dist/tex/generic/pgf/math/pgfmathfunctions.trigonometric.code.tex) (/usr/local/texlive/2018/texmf-dist/tex/generic/pgf/math/pgfmathfunctions.random.code.tex) (/usr/local/texlive/2018/texmf-dist/tex/generic/pgf/math/pgfmathfunctions.comparison.code.tex) (/usr/local/texlive/2018/texmf-dist/tex/generic/pgf/math/pgfmathfunctions.base.code.tex) (/usr/local/texlive/2018/texmf-dist/tex/generic/pgf/math/pgfmathfunctions.round.code.tex) (/usr/local/texlive/2018/texmf-dist/tex/generic/pgf/math/pgfmathfunctions.misc.code.tex) (/usr/local/texlive/2018/texmf-dist/tex/generic/pgf/math/pgfmathfunctions.integerarithmetics.code.tex))) (/usr/local/texlive/2018/texmf-dist/tex/generic/pgf/math/pgfmathfloat.code.tex
\c@pgfmathroundto@lastzeros=\count199
)) (/usr/local/texlive/2018/texmf-dist/tex/generic/pgf/basiclayer/pgfcorepoints.code.tex
File: pgfcorepoints.code.tex 2013/10/07  (rcs-revision 1.27)
\pgf@picminx=\dimen147
\pgf@picmaxx=\dimen148
\pgf@picminy=\dimen149
\pgf@picmaxy=\dimen150
\pgf@pathminx=\dimen151
\pgf@pathmaxx=\dimen152
\pgf@pathminy=\dimen153
\pgf@pathmaxy=\dimen154
\pgf@xx=\dimen155
\pgf@xy=\dimen156
\pgf@yx=\dimen157
\pgf@yy=\dimen158
\pgf@zx=\dimen159
\pgf@zy=\dimen160
) (/usr/local/texlive/2018/texmf-dist/tex/generic/pgf/basiclayer/pgfcorepathconstruct.code.tex
File: pgfcorepathconstruct.code.tex 2013/10/07  (rcs-revision 1.29)
\pgf@path@lastx=\dimen161
\pgf@path@lasty=\dimen162
) (/usr/local/texlive/2018/texmf-dist/tex/generic/pgf/basiclayer/pgfcorepathusage.code.tex
File: pgfcorepathusage.code.tex 2014/11/02  (rcs-revision 1.24)
\pgf@shorten@end@additional=\dimen163
\pgf@shorten@start@additional=\dimen164
) (/usr/local/texlive/2018/texmf-dist/tex/generic/pgf/basiclayer/pgfcorescopes.code.tex
File: pgfcorescopes.code.tex 2015/05/08  (rcs-revision 1.46)
\pgfpic=\box43
\pgf@hbox=\box44
\pgf@layerbox@main=\box45
\pgf@picture@serial@count=\count266
) (/usr/local/texlive/2018/texmf-dist/tex/generic/pgf/basiclayer/pgfcoregraphicstate.code.tex
File: pgfcoregraphicstate.code.tex 2014/11/02  (rcs-revision 1.12)
\pgflinewidth=\dimen165
) (/usr/local/texlive/2018/texmf-dist/tex/generic/pgf/basiclayer/pgfcoretransformations.code.tex
File: pgfcoretransformations.code.tex 2015/08/07  (rcs-revision 1.20)
\pgf@pt@x=\dimen166
\pgf@pt@y=\dimen167
\pgf@pt@temp=\dimen168
) (/usr/local/texlive/2018/texmf-dist/tex/generic/pgf/basiclayer/pgfcorequick.code.tex
File: pgfcorequick.code.tex 2008/10/09  (rcs-revision 1.3)
) (/usr/local/texlive/2018/texmf-dist/tex/generic/pgf/basiclayer/pgfcoreobjects.code.tex
File: pgfcoreobjects.code.tex 2006/10/11  (rcs-revision 1.2)
) (/usr/local/texlive/2018/texmf-dist/tex/generic/pgf/basiclayer/pgfcorepathprocessing.code.tex
File: pgfcorepathprocessing.code.tex 2013/09/09  (rcs-revision 1.9)
) (/usr/local/texlive/2018/texmf-dist/tex/generic/pgf/basiclayer/pgfcorearrows.code.tex
File: pgfcorearrows.code.tex 2015/05/14  (rcs-revision 1.43)
\pgfarrowsep=\dimen169
) (/usr/local/texlive/2018/texmf-dist/tex/generic/pgf/basiclayer/pgfcoreshade.code.tex
File: pgfcoreshade.code.tex 2013/07/15  (rcs-revision 1.15)
\pgf@max=\dimen170
\pgf@sys@shading@range@num=\count267
) (/usr/local/texlive/2018/texmf-dist/tex/generic/pgf/basiclayer/pgfcoreimage.code.tex
File: pgfcoreimage.code.tex 2013/07/15  (rcs-revision 1.18)
 (/usr/local/texlive/2018/texmf-dist/tex/generic/pgf/basiclayer/pgfcoreexternal.code.tex
File: pgfcoreexternal.code.tex 2014/07/09  (rcs-revision 1.21)
\pgfexternal@startupbox=\box46
)) (/usr/local/texlive/2018/texmf-dist/tex/generic/pgf/basiclayer/pgfcorelayers.code.tex
File: pgfcorelayers.code.tex 2013/07/18  (rcs-revision 1.7)
) (/usr/local/texlive/2018/texmf-dist/tex/generic/pgf/basiclayer/pgfcoretransparency.code.tex
File: pgfcoretransparency.code.tex 2013/09/30  (rcs-revision 1.5)
) (/usr/local/texlive/2018/texmf-dist/tex/generic/pgf/basiclayer/pgfcorepatterns.code.tex
File: pgfcorepatterns.code.tex 2013/11/07  (rcs-revision 1.5)
))) (/usr/local/texlive/2018/texmf-dist/tex/generic/pgf/modules/pgfmoduleshapes.code.tex
File: pgfmoduleshapes.code.tex 2014/03/21  (rcs-revision 1.35)
\pgfnodeparttextbox=\box47
) (/usr/local/texlive/2018/texmf-dist/tex/generic/pgf/modules/pgfmoduleplot.code.tex
File: pgfmoduleplot.code.tex 2015/08/03  (rcs-revision 1.13)
) (/usr/local/texlive/2018/texmf-dist/tex/latex/pgf/compatibility/pgfcomp-version-0-65.sty
Package: pgfcomp-version-0-65 2007/07/03 v3.0.1a (rcs-revision 1.7)
\pgf@nodesepstart=\dimen171
\pgf@nodesepend=\dimen172
) (/usr/local/texlive/2018/texmf-dist/tex/latex/pgf/compatibility/pgfcomp-version-1-18.sty
Package: pgfcomp-version-1-18 2007/07/23 v3.0.1a (rcs-revision 1.1)
)) (/usr/local/texlive/2018/texmf-dist/tex/latex/pgf/utilities/pgffor.sty (/usr/local/texlive/2018/texmf-dist/tex/latex/pgf/utilities/pgfkeys.sty (/usr/local/texlive/2018/texmf-dist/tex/generic/pgf/utilities/pgfkeys.code.tex)) (/usr/local/texlive/2018/texmf-dist/tex/latex/pgf/math/pgfmath.sty (/usr/local/texlive/2018/texmf-dist/tex/generic/pgf/math/pgfmath.code.tex)) (/usr/local/texlive/2018/texmf-dist/tex/generic/pgf/utilities/pgffor.code.tex
Package: pgffor 2013/12/13 v3.0.1a (rcs-revision 1.25)
 (/usr/local/texlive/2018/texmf-dist/tex/generic/pgf/math/pgfmath.code.tex)
\pgffor@iter=\dimen173
\pgffor@skip=\dimen174
\pgffor@stack=\toks25
\pgffor@toks=\toks26
)) (/usr/local/texlive/2018/texmf-dist/tex/generic/pgf/frontendlayer/tikz/tikz.code.tex
Package: tikz 2015/08/07 v3.0.1a (rcs-revision 1.151)
 (/usr/local/texlive/2018/texmf-dist/tex/generic/pgf/libraries/pgflibraryplothandlers.code.tex
File: pgflibraryplothandlers.code.tex 2013/08/31 v3.0.1a (rcs-revision 1.20)
\pgf@plot@mark@count=\count268
\pgfplotmarksize=\dimen175
)
\tikz@lastx=\dimen176
\tikz@lasty=\dimen177
\tikz@lastxsaved=\dimen178
\tikz@lastysaved=\dimen179
\tikzleveldistance=\dimen180
\tikzsiblingdistance=\dimen181
\tikz@figbox=\box48
\tikz@figbox@bg=\box49
\tikz@tempbox=\box50
\tikz@tempbox@bg=\box51
\tikztreelevel=\count269
\tikznumberofchildren=\count270
\tikznumberofcurrentchild=\count271
\tikz@fig@count=\count272
 (/usr/local/texlive/2018/texmf-dist/tex/generic/pgf/modules/pgfmodulematrix.code.tex
File: pgfmodulematrix.code.tex 2013/09/17  (rcs-revision 1.8)
\pgfmatrixcurrentrow=\count273
\pgfmatrixcurrentcolumn=\count274
\pgf@matrix@numberofcolumns=\count275
)
\tikz@expandcount=\count276
 (/usr/local/texlive/2018/texmf-dist/tex/generic/pgf/frontendlayer/tikz/libraries/tikzlibrarytopaths.code.tex
File: tikzlibrarytopaths.code.tex 2008/06/17 v3.0.1a (rcs-revision 1.2)
))) (/usr/local/texlive/2018/texmf-dist/tex/generic/pgf/frontendlayer/tikz/libraries/tikzlibrarycalc.code.tex
File: tikzlibrarycalc.code.tex 2013/07/15 v3.0.1a (rcs-revision 1.9)
)
\c@AdigraphTotalNodeCounter=\count277
\c@AdigraphCurrentNodeCounter=\count278
\c@AdigraphNumberOfPaths=\count279
\c@AdigraphCurrentPathNumber=\count280
\c@AdigraphAdjacentNodes=\count281
.................................................
. LaTeX info: "xparse/define-command"
. 
. Defining command \AdigraphDrawNode with sig. 'm' on line 45.
.................................................
.................................................
. LaTeX info: "xparse/define-command"
. 
. Defining command \sumOfOrientations with sig. 'm' on line 47.
.................................................
.................................................
. LaTeX info: "xparse/define-command"
. 
. Defining command \AdigraphDrawEdge with sig. 'm m' on line 158.
.................................................
.................................................
. LaTeX info: "xparse/define-command"
. 
. Defining command \AdigraphGenerateNodeName with sig. 'm m G{black}' on line
. 160.
.................................................
.................................................
. LaTeX info: "xparse/define-command"
. 
. Defining command \AdigraphMemorizeNode with sig. 'm m G{black}' on line 161.
.................................................
.................................................
. LaTeX info: "xparse/define-command"
. 
. Defining command \AdigraphBuildNode with sig. '> { \SplitArgument { 1 } {,}
. } m > { \SplitArgument { 1 } {,} } m m' on line 210.
.................................................
.................................................
. LaTeX info: "xparse/define-command"
. 
. Defining command \AdigraphMemorizeEdge with sig. 'm m G{black}' on line 212.
.................................................
.................................................
. LaTeX info: "xparse/define-command"
. 
. Defining command \AdigraphBuildEdge with sig. '> {\SplitArgument {2}{,}} m m
. m m' on line 277.
.................................................
.................................................
. LaTeX info: "xparse/define-command"
. 
. Defining command \AdigraphBuildEdgeWrapper with sig. 'm G{} G{} G{midway}'
. on line 291.
.................................................
.................................................
. LaTeX info: "xparse/define-command"
. 
. Defining command \AdigraphElaboratePath with sig. 'm m G{black}' on line
. 293.
.................................................
.................................................
. LaTeX info: "xparse/define-command"
. 
. Defining command \AdigraphSimpleSum with sig. 'm m m' on line 309.
.................................................
.................................................
. LaTeX info: "xparse/define-command"
. 
. Defining command \AdigraphPathBuilder with sig. 'm m m m m' on line 356.
.................................................
.................................................
. LaTeX info: "xparse/define-command"
. 
. Defining command \AdigraphElaboratePathColors with sig. 'G{} G{black}' on
. line 358.
.................................................
.................................................
. LaTeX info: "xparse/define-command"
. 
. Defining command \AdigraphBuildPath with sig. '> { \SplitList {,} } m G{} >
. { \SplitArgument { 1 } {,} } G{}' on line 408.
.................................................
.................................................
. LaTeX info: "xparse/define-command"
. 
. Defining command \AdigraphBuildNodeWrapper with sig. 'm m G{}' on line 416.
.................................................
.................................................
. LaTeX info: "xparse/define-command"
. 
. Defining command \AdigraphNodeBuilder with sig. ' > { \SplitArgument { 2 }
. {:} } m ' on line 420.
.................................................
.................................................
. LaTeX info: "xparse/define-command"
. 
. Defining command \AdigraphEdgeBuilder with sig. ' > { \SplitArgument { 3 }
. {:} } m ' on line 424.
.................................................
.................................................
. LaTeX info: "xparse/define-command"
. 
. Defining command \AdigraphApplyKleenePlusEdgeBuilder with sig. 'm' on line
. 456.
.................................................
.................................................
. LaTeX info: "xparse/define-command"
. 
. Defining command \AdigraphKleenePlusEdgeBuilder with sig. 'm' on line 466.
.................................................
.................................................
. LaTeX info: "xparse/define-command"
. 
. Defining command \AdigraphSecondEdgeRenormalizer with sig. 'm' on line 480.
.................................................
.................................................
. LaTeX info: "xparse/define-command"
. 
. Defining command \AdigraphKleeneStarEdgeBuilder with sig. 'm' on line 485.
.................................................
.................................................
. LaTeX info: "xparse/define-command"
. 
. Defining command \AdigraphFirstEdgeRenormalizer with sig. 'm' on line 499.
.................................................
.................................................
. LaTeX info: "xparse/define-command"
. 
. Defining command \AdigraphEdgeDrawer with sig. ' > { \SplitArgument { 1 }
. {,} } m ' on line 503.
.................................................
.................................................
. LaTeX info: "xparse/define-command"
. 
. Defining command \AdigraphNodeCounter with sig. 'm G{}' on line 509.
.................................................
.................................................
. LaTeX info: "xparse/define-command"
. 
. Defining command \AdigraphNodeCounterWrapper with sig. 'm > { \SplitArgument
. { 1 } {,} } m m m ' on line 515.
.................................................
.................................................
. LaTeX info: "xparse/define-command"
. 
. Defining command \AdigraphNodeCounterSecondWrapper with sig. ' > {
. \SplitArgument { 3 } {:} } m ' on line 519.
.................................................
.................................................
. LaTeX info: "xparse/define-command"
. 
. Defining command \AdigraphNodesCounter with sig. '> { \SplitList {;} } m' on
. line 523.
.................................................
.................................................
. LaTeX info: "xparse/define-command"
. 
. Defining command \AdigraphProcessNodes with sig. '> { \SplitList {;} } m' on
. line 528.
.................................................
.................................................
. LaTeX info: "xparse/define-command"
. 
. Defining command \AdigraphProcessEdges with sig. '> { \SplitList {;} } m' on
. line 532.
.................................................
.................................................
. LaTeX info: "xparse/define-command"
. 
. Defining command \AdigraphProcessPaths with sig. '> { \SplitArgument { 2 }
. {:} } m' on line 537.
.................................................
.................................................
. LaTeX info: "xparse/define-command"
. 
. Defining command \AdigraphCountPaths with sig. 'm' on line 541.
.................................................
.................................................
. LaTeX info: "xparse/define-command"
. 
. Defining command \AdigraphCalculateInclination with sig. 'm m m' on line
. 543.
.................................................
.................................................
. LaTeX info: "xparse/define-command"
. 
. Defining command \AdigraphCalculateOrientation with sig. 'm m m' on line
. 565.
.................................................
.................................................
. LaTeX info: "xparse/define-command"
. 
. Defining command \AdigraphExecuteCutBuilder with sig. 'm m G{black}' on line
. 584.
.................................................
.................................................
. LaTeX info: "xparse/define-command"
. 
. Defining command \AdigraphCutBuilder with sig. '> { \SplitArgument { 2 } { ,
. } } m' on line 588.
.................................................
.................................................
. LaTeX info: "xparse/define-command"
. 
. Defining command \AdigraphProcessCuts with sig. '> { \SplitList {;} } m' on
. line 592.
.................................................
.................................................
. LaTeX info: "xparse/define-command"
. 
. Defining command \Adigraph with sig. 'm m m m m' on line 649.
.................................................
.................................................
. LaTeX info: "xparse/define-command"
. 
. Defining command \AdigraphProcessAugmentingPaths with sig. 'm' on line 651.
.................................................
.................................................
. LaTeX info: "xparse/define-command"
. 
. Defining command \AdigraphProcessAugmentingPathsList with sig. 'm' on line
. 652.
.................................................
.................................................
. LaTeX info: "xparse/define-command"
. 
. Defining command \NewAdigraph with sig. 'm m G{}' on line 686.
.................................................
.................................................
. LaTeX info: "xparse/define-command"
. 
. Defining command \RenewAdigraph with sig. 'm m G{}' on line 720.
.................................................
) (/usr/local/texlive/2018/texmf-dist/tex/latex/caption/subcaption.sty
Package: subcaption 2016/05/22 v1.1-161 Sub-captions (AR)
 (/usr/local/texlive/2018/texmf-dist/tex/latex/caption/caption.sty
Package: caption 2016/02/21 v3.3-144 Customizing captions (AR)
 (/usr/local/texlive/2018/texmf-dist/tex/latex/caption/caption3.sty
Package: caption3 2016/05/22 v1.7-166 caption3 kernel (AR)
Package caption3 Info: TeX engine: e-TeX on input line 67.
\captionmargin=\dimen182
\captionmargin@=\dimen183
\captionwidth=\dimen184
\caption@tempdima=\dimen185
\caption@indent=\dimen186
\caption@parindent=\dimen187
\caption@hangindent=\dimen188
)
\c@ContinuedFloat=\count282
)
\c@subfigure=\count283
\c@subtable=\count284
) (/Users/lucacappelletti/github/networkx/adigraph_result.aux)
\openout1 = `adigraph_result.aux'.

LaTeX Font Info:    Checking defaults for OML/cmm/m/it on input line 5.
LaTeX Font Info:    ... okay on input line 5.
LaTeX Font Info:    Checking defaults for T1/cmr/m/n on input line 5.
LaTeX Font Info:    ... okay on input line 5.
LaTeX Font Info:    Checking defaults for OT1/cmr/m/n on input line 5.
LaTeX Font Info:    ... okay on input line 5.
LaTeX Font Info:    Checking defaults for OMS/cmsy/m/n on input line 5.
LaTeX Font Info:    ... okay on input line 5.
LaTeX Font Info:    Checking defaults for OMX/cmex/m/n on input line 5.
LaTeX Font Info:    ... okay on input line 5.
LaTeX Font Info:    Checking defaults for U/cmr/m/n on input line 5.
LaTeX Font Info:    ... okay on input line 5.
 ABD: EveryShipout initializing macros (/usr/local/texlive/2018/texmf-dist/tex/context/base/mkii/supp-pdf.mkii
[Loading MPS to PDF converter (version 2006.09.02).]
\scratchcounter=\count285
\scratchdimen=\dimen189
\scratchbox=\box52
\nofMPsegments=\count286
\nofMParguments=\count287
\everyMPshowfont=\toks27
\MPscratchCnt=\count288
\MPscratchDim=\dimen190
\MPnumerator=\count289
\makeMPintoPDFobject=\count290
\everyMPtoPDFconversion=\toks28
) (/usr/local/texlive/2018/texmf-dist/tex/latex/oberdiek/epstopdf-base.sty
Package: epstopdf-base 2016/05/15 v2.6 Base part for package epstopdf
 (/usr/local/texlive/2018/texmf-dist/tex/generic/oberdiek/infwarerr.sty
Package: infwarerr 2016/05/16 v1.4 Providing info/warning/error messages (HO)
) (/usr/local/texlive/2018/texmf-dist/tex/latex/oberdiek/grfext.sty
Package: grfext 2016/05/16 v1.2 Manage graphics extensions (HO)
 (/usr/local/texlive/2018/texmf-dist/tex/generic/oberdiek/kvdefinekeys.sty
Package: kvdefinekeys 2016/05/16 v1.4 Define keys (HO)
 (/usr/local/texlive/2018/texmf-dist/tex/generic/oberdiek/ltxcmds.sty
Package: ltxcmds 2016/05/16 v1.23 LaTeX kernel commands for general use (HO)
))) (/usr/local/texlive/2018/texmf-dist/tex/latex/oberdiek/kvoptions.sty
Package: kvoptions 2016/05/16 v3.12 Key value format for package options (HO)
 (/usr/local/texlive/2018/texmf-dist/tex/generic/oberdiek/kvsetkeys.sty
Package: kvsetkeys 2016/05/16 v1.17 Key value parser (HO)
 (/usr/local/texlive/2018/texmf-dist/tex/generic/oberdiek/etexcmds.sty
Package: etexcmds 2016/05/16 v1.6 Avoid name clashes with e-TeX commands (HO)
 (/usr/local/texlive/2018/texmf-dist/tex/generic/oberdiek/ifluatex.sty
Package: ifluatex 2016/05/16 v1.4 Provides the ifluatex switch (HO)
Package ifluatex Info: LuaTeX not detected.
)
Package etexcmds Info: Could not find \expanded.
(etexcmds)             That can mean that you are not using pdfTeX 1.50 or
(etexcmds)             that some package has redefined \expanded.
(etexcmds)             In the latter case, load this package earlier.
))) (/usr/local/texlive/2018/texmf-dist/tex/generic/oberdiek/pdftexcmds.sty
Package: pdftexcmds 2018/01/30 v0.27 Utility functions of pdfTeX for LuaTeX (HO)
 (/usr/local/texlive/2018/texmf-dist/tex/generic/oberdiek/ifpdf.sty
Package: ifpdf 2017/03/15 v3.2 Provides the ifpdf switch
)
Package pdftexcmds Info: LuaTeX not detected.
Package pdftexcmds Info: \pdf@primitive is available.
Package pdftexcmds Info: \pdf@ifprimitive is available.
Package pdftexcmds Info: \pdfdraftmode found.
)
Package epstopdf-base Info: Redefining graphics rule for `.eps' on input line 438.
Package grfext Info: Graphics extension search list:
(grfext)             [.pdf,.png,.jpg,.mps,.jpeg,.jbig2,.jb2,.PDF,.PNG,.JPG,.JPEG,.JBIG2,.JB2,.eps]
(grfext)             \AppendGraphicsExtensions on input line 456.
 (/usr/local/texlive/2018/texmf-dist/tex/latex/latexconfig/epstopdf-sys.cfg
File: epstopdf-sys.cfg 2010/07/13 v1.3 Configuration of (r)epstopdf for TeX Live
))
Package caption Info: Begin \AtBeginDocument code.
Package caption Info: End \AtBeginDocument code.
.................................................
. LaTeX info: "xparse/redefine-command"
. 
. Redefining command \AdigraphProcessAugmentingPaths with sig. 'm' on line 34.
.................................................
.................................................
. LaTeX info: "xparse/redefine-command"
. 
. Redefining command \AdigraphProcessAugmentingPathsList with sig. '> {
. \SplitList {;} } m' on line 34.
.................................................
.................................................
. LaTeX info: "xparse/define-command"
. 
. Defining command \myAdigraph with sig. 'm G{}' on line 34.
.................................................


!!!!!!!!!!!!!!!!!!!!!!!!!!!!!!!!!!!!!!!!!!!!!!!!
!
/Users/lucacappelletti/github/networkx/adigraph_result.tex:35: LaTeX error: "xparse/split-excess-tokens"
! 
! Too many ',' tokens when trying to split argument.
! 
! See the LaTeX3 documentation for further information.
! 
! For immediate help type H <return>.
!...............................................  
                                                  
l.35 		\myAdigraph{}
                    
|'''''''''''''''''''''''''''''''''''''''''''''''
| LaTeX was asked to split the input '0,red!90,' at each occurrence of the
| token ',', up to a maximum of 2 parts. There were too many ',' tokens.
|...............................................

.................................................
. LaTeX info: "xparse/redefine-command"
. 
. Redefining command \AdigraphGenerateNodeName with sig. 'm G{black}' on line
. 35.
.................................................
.................................................
. LaTeX info: "xparse/redefine-command"
. 
. Redefining command \AdigraphMemorizeNode with sig. 'm G{}' on line 35.
.................................................

!!!!!!!!!!!!!!!!!!!!!!!!!!!!!!!!!!!!!!!!!!!!!!!!
!
/Users/lucacappelletti/github/networkx/adigraph_result.tex:35: LaTeX error: "xparse/split-excess-tokens"
! 
! Too many ',' tokens when trying to split argument.
! 
! See the LaTeX3 documentation for further information.
! 
! For immediate help type H <return>.
!...............................................  
                                                  
l.35 		\myAdigraph{}
                    
|'''''''''''''''''''''''''''''''''''''''''''''''
| LaTeX was asked to split the input '1,red!90,' at each occurrence of the
| token ',', up to a maximum of 2 parts. There were too many ',' tokens.
|...............................................

.................................................
. LaTeX info: "xparse/redefine-command"
. 
. Redefining command \AdigraphGenerateNodeName with sig. 'm G{black}' on line
. 35.
.................................................
.................................................
. LaTeX info: "xparse/redefine-command"
. 
. Redefining command \AdigraphMemorizeNode with sig. 'm G{}' on line 35.
.................................................

!!!!!!!!!!!!!!!!!!!!!!!!!!!!!!!!!!!!!!!!!!!!!!!!
!
/Users/lucacappelletti/github/networkx/adigraph_result.tex:35: LaTeX error: "xparse/split-excess-tokens"
! 
! Too many ',' tokens when trying to split argument.
! 
! See the LaTeX3 documentation for further information.
! 
! For immediate help type H <return>.
!...............................................  
                                                  
l.35 		\myAdigraph{}
                    
|'''''''''''''''''''''''''''''''''''''''''''''''
| LaTeX was asked to split the input '2,gray!90,' at each occurrence of the
| token ',', up to a maximum of 2 parts. There were too many ',' tokens.
|...............................................

.................................................
. LaTeX info: "xparse/redefine-command"
. 
. Redefining command \AdigraphGenerateNodeName with sig. 'm G{black}' on line
. 35.
.................................................
.................................................
. LaTeX info: "xparse/redefine-command"
. 
. Redefining command \AdigraphMemorizeNode with sig. 'm G{}' on line 35.
.................................................

!!!!!!!!!!!!!!!!!!!!!!!!!!!!!!!!!!!!!!!!!!!!!!!!
!
/Users/lucacappelletti/github/networkx/adigraph_result.tex:35: LaTeX error: "xparse/split-excess-tokens"
! 
! Too many ',' tokens when trying to split argument.
! 
! See the LaTeX3 documentation for further information.
! 
! For immediate help type H <return>.
!...............................................  
                                                  
l.35 		\myAdigraph{}
                    
|'''''''''''''''''''''''''''''''''''''''''''''''
| LaTeX was asked to split the input '3,gray!90,' at each occurrence of the
| token ',', up to a maximum of 2 parts. There were too many ',' tokens.
|...............................................

.................................................
. LaTeX info: "xparse/redefine-command"
. 
. Redefining command \AdigraphGenerateNodeName with sig. 'm G{black}' on line
. 35.
.................................................
.................................................
. LaTeX info: "xparse/redefine-command"
. 
. Redefining command \AdigraphMemorizeNode with sig. 'm G{}' on line 35.
.................................................

!!!!!!!!!!!!!!!!!!!!!!!!!!!!!!!!!!!!!!!!!!!!!!!!
!
/Users/lucacappelletti/github/networkx/adigraph_result.tex:35: LaTeX error: "xparse/split-excess-tokens"
! 
! Too many ',' tokens when trying to split argument.
! 
! See the LaTeX3 documentation for further information.
! 
! For immediate help type H <return>.
!...............................................  
                                                  
l.35 		\myAdigraph{}
                    
|'''''''''''''''''''''''''''''''''''''''''''''''
| LaTeX was asked to split the input '4,cyan!90,' at each occurrence of the
| token ',', up to a maximum of 2 parts. There were too many ',' tokens.
|...............................................

.................................................
. LaTeX info: "xparse/redefine-command"
. 
. Redefining command \AdigraphGenerateNodeName with sig. 'm G{black}' on line
. 35.
.................................................
.................................................
. LaTeX info: "xparse/redefine-command"
. 
. Redefining command \AdigraphMemorizeNode with sig. 'm G{}' on line 35.
.................................................

!!!!!!!!!!!!!!!!!!!!!!!!!!!!!!!!!!!!!!!!!!!!!!!!
!
/Users/lucacappelletti/github/networkx/adigraph_result.tex:35: LaTeX error: "xparse/split-excess-tokens"
! 
! Too many ',' tokens when trying to split argument.
! 
! See the LaTeX3 documentation for further information.
! 
! For immediate help type H <return>.
!...............................................  
                                                  
l.35 		\myAdigraph{}
                    
|'''''''''''''''''''''''''''''''''''''''''''''''
| LaTeX was asked to split the input '5,gray!90,' at each occurrence of the
| token ',', up to a maximum of 2 parts. There were too many ',' tokens.
|...............................................

.................................................
. LaTeX info: "xparse/redefine-command"
. 
. Redefining command \AdigraphGenerateNodeName with sig. 'm G{black}' on line
. 35.
.................................................
.................................................
. LaTeX info: "xparse/redefine-command"
. 
. Redefining command \AdigraphMemorizeNode with sig. 'm G{}' on line 35.
.................................................

!!!!!!!!!!!!!!!!!!!!!!!!!!!!!!!!!!!!!!!!!!!!!!!!
!
/Users/lucacappelletti/github/networkx/adigraph_result.tex:35: LaTeX error: "xparse/split-excess-tokens"
! 
! Too many ',' tokens when trying to split argument.
! 
! See the LaTeX3 documentation for further information.
! 
! For immediate help type H <return>.
!...............................................  
                                                  
l.35 		\myAdigraph{}
                    
|'''''''''''''''''''''''''''''''''''''''''''''''
| LaTeX was asked to split the input '6,gray!90,' at each occurrence of the
| token ',', up to a maximum of 2 parts. There were too many ',' tokens.
|...............................................

.................................................
. LaTeX info: "xparse/redefine-command"
. 
. Redefining command \AdigraphGenerateNodeName with sig. 'm G{black}' on line
. 35.
.................................................
.................................................
. LaTeX info: "xparse/redefine-command"
. 
. Redefining command \AdigraphMemorizeNode with sig. 'm G{}' on line 35.
.................................................

!!!!!!!!!!!!!!!!!!!!!!!!!!!!!!!!!!!!!!!!!!!!!!!!
!
/Users/lucacappelletti/github/networkx/adigraph_result.tex:35: LaTeX error: "xparse/split-excess-tokens"
! 
! Too many ',' tokens when trying to split argument.
! 
! See the LaTeX3 documentation for further information.
! 
! For immediate help type H <return>.
!...............................................  
                                                  
l.35 		\myAdigraph{}
                    
|'''''''''''''''''''''''''''''''''''''''''''''''
| LaTeX was asked to split the input '7,cyan!90,' at each occurrence of the
| token ',', up to a maximum of 2 parts. There were too many ',' tokens.
|...............................................

.................................................
. LaTeX info: "xparse/redefine-command"
. 
. Redefining command \AdigraphGenerateNodeName with sig. 'm G{black}' on line
. 35.
.................................................
.................................................
. LaTeX info: "xparse/redefine-command"
. 
. Redefining command \AdigraphMemorizeNode with sig. 'm G{}' on line 35.
.................................................

!!!!!!!!!!!!!!!!!!!!!!!!!!!!!!!!!!!!!!!!!!!!!!!!
!
/Users/lucacappelletti/github/networkx/adigraph_result.tex:35: LaTeX error: "xparse/split-excess-tokens"
! 
! Too many ',' tokens when trying to split argument.
! 
! See the LaTeX3 documentation for further information.
! 
! For immediate help type H <return>.
!...............................................  
                                                  
l.35 		\myAdigraph{}
                    
|'''''''''''''''''''''''''''''''''''''''''''''''
| LaTeX was asked to split the input '0,4,gray!90,' at each occurrence of the
| token ',', up to a maximum of 3 parts. There were too many ',' tokens.
|...............................................

.................................................
. LaTeX info: "xparse/redefine-command"
. 
. Redefining command \AdigraphMemorizeEdge with sig. 'm m G{black}' on line
. 35.
.................................................

!!!!!!!!!!!!!!!!!!!!!!!!!!!!!!!!!!!!!!!!!!!!!!!!
!
/Users/lucacappelletti/github/networkx/adigraph_result.tex:35: LaTeX error: "xparse/split-excess-tokens"
! 
! Too many ',' tokens when trying to split argument.
! 
! See the LaTeX3 documentation for further information.
! 
! For immediate help type H <return>.
!...............................................  
                                                  
l.35 		\myAdigraph{}
                    
|'''''''''''''''''''''''''''''''''''''''''''''''
| LaTeX was asked to split the input '0,5,gray!90,' at each occurrence of the
| token ',', up to a maximum of 3 parts. There were too many ',' tokens.
|...............................................

.................................................
. LaTeX info: "xparse/redefine-command"
. 
. Redefining command \AdigraphMemorizeEdge with sig. 'm m G{black}' on line
. 35.
.................................................

!!!!!!!!!!!!!!!!!!!!!!!!!!!!!!!!!!!!!!!!!!!!!!!!
!
/Users/lucacappelletti/github/networkx/adigraph_result.tex:35: LaTeX error: "xparse/split-excess-tokens"
! 
! Too many ',' tokens when trying to split argument.
! 
! See the LaTeX3 documentation for further information.
! 
! For immediate help type H <return>.
!...............................................  
                                                  
l.35 		\myAdigraph{}
                    
|'''''''''''''''''''''''''''''''''''''''''''''''
| LaTeX was asked to split the input '0,6,gray!90,' at each occurrence of the
| token ',', up to a maximum of 3 parts. There were too many ',' tokens.
|...............................................

.................................................
. LaTeX info: "xparse/redefine-command"
. 
. Redefining command \AdigraphMemorizeEdge with sig. 'm m G{black}' on line
. 35.
.................................................

!!!!!!!!!!!!!!!!!!!!!!!!!!!!!!!!!!!!!!!!!!!!!!!!
!
/Users/lucacappelletti/github/networkx/adigraph_result.tex:35: LaTeX error: "xparse/split-excess-tokens"
! 
! Too many ',' tokens when trying to split argument.
! 
! See the LaTeX3 documentation for further information.
! 
! For immediate help type H <return>.
!...............................................  
                                                  
l.35 		\myAdigraph{}
                    
|'''''''''''''''''''''''''''''''''''''''''''''''
| LaTeX was asked to split the input '0,7,gray!90,' at each occurrence of the
| token ',', up to a maximum of 3 parts. There were too many ',' tokens.
|...............................................

.................................................
. LaTeX info: "xparse/redefine-command"
. 
. Redefining command \AdigraphMemorizeEdge with sig. 'm m G{black}' on line
. 35.
.................................................

!!!!!!!!!!!!!!!!!!!!!!!!!!!!!!!!!!!!!!!!!!!!!!!!
!
/Users/lucacappelletti/github/networkx/adigraph_result.tex:35: LaTeX error: "xparse/split-excess-tokens"
! 
! Too many ',' tokens when trying to split argument.
! 
! See the LaTeX3 documentation for further information.
! 
! For immediate help type H <return>.
!...............................................  
                                                  
l.35 		\myAdigraph{}
                    
|'''''''''''''''''''''''''''''''''''''''''''''''
| LaTeX was asked to split the input '1,4,gray!90,' at each occurrence of the
| token ',', up to a maximum of 3 parts. There were too many ',' tokens.
|...............................................

.................................................
. LaTeX info: "xparse/redefine-command"
. 
. Redefining command \AdigraphMemorizeEdge with sig. 'm m G{black}' on line
. 35.
.................................................

!!!!!!!!!!!!!!!!!!!!!!!!!!!!!!!!!!!!!!!!!!!!!!!!
!
/Users/lucacappelletti/github/networkx/adigraph_result.tex:35: LaTeX error: "xparse/split-excess-tokens"
! 
! Too many ',' tokens when trying to split argument.
! 
! See the LaTeX3 documentation for further information.
! 
! For immediate help type H <return>.
!...............................................  
                                                  
l.35 		\myAdigraph{}
                    
|'''''''''''''''''''''''''''''''''''''''''''''''
| LaTeX was asked to split the input '1,5,gray!90,' at each occurrence of the
| token ',', up to a maximum of 3 parts. There were too many ',' tokens.
|...............................................

.................................................
. LaTeX info: "xparse/redefine-command"
. 
. Redefining command \AdigraphMemorizeEdge with sig. 'm m G{black}' on line
. 35.
.................................................

!!!!!!!!!!!!!!!!!!!!!!!!!!!!!!!!!!!!!!!!!!!!!!!!
!
/Users/lucacappelletti/github/networkx/adigraph_result.tex:35: LaTeX error: "xparse/split-excess-tokens"
! 
! Too many ',' tokens when trying to split argument.
! 
! See the LaTeX3 documentation for further information.
! 
! For immediate help type H <return>.
!...............................................  
                                                  
l.35 		\myAdigraph{}
                    
|'''''''''''''''''''''''''''''''''''''''''''''''
| LaTeX was asked to split the input '1,6,gray!90,' at each occurrence of the
| token ',', up to a maximum of 3 parts. There were too many ',' tokens.
|...............................................

.................................................
. LaTeX info: "xparse/redefine-command"
. 
. Redefining command \AdigraphMemorizeEdge with sig. 'm m G{black}' on line
. 35.
.................................................

!!!!!!!!!!!!!!!!!!!!!!!!!!!!!!!!!!!!!!!!!!!!!!!!
!
/Users/lucacappelletti/github/networkx/adigraph_result.tex:35: LaTeX error: "xparse/split-excess-tokens"
! 
! Too many ',' tokens when trying to split argument.
! 
! See the LaTeX3 documentation for further information.
! 
! For immediate help type H <return>.
!...............................................  
                                                  
l.35 		\myAdigraph{}
                    
|'''''''''''''''''''''''''''''''''''''''''''''''
| LaTeX was asked to split the input '1,7,gray!90,' at each occurrence of the
| token ',', up to a maximum of 3 parts. There were too many ',' tokens.
|...............................................

.................................................
. LaTeX info: "xparse/redefine-command"
. 
. Redefining command \AdigraphMemorizeEdge with sig. 'm m G{black}' on line
. 35.
.................................................

!!!!!!!!!!!!!!!!!!!!!!!!!!!!!!!!!!!!!!!!!!!!!!!!
!
/Users/lucacappelletti/github/networkx/adigraph_result.tex:35: LaTeX error: "xparse/split-excess-tokens"
! 
! Too many ',' tokens when trying to split argument.
! 
! See the LaTeX3 documentation for further information.
! 
! For immediate help type H <return>.
!...............................................  
                                                  
l.35 		\myAdigraph{}
                    
|'''''''''''''''''''''''''''''''''''''''''''''''
| LaTeX was asked to split the input '2,4,gray!90,' at each occurrence of the
| token ',', up to a maximum of 3 parts. There were too many ',' tokens.
|...............................................

.................................................
. LaTeX info: "xparse/redefine-command"
. 
. Redefining command \AdigraphMemorizeEdge with sig. 'm m G{black}' on line
. 35.
.................................................

!!!!!!!!!!!!!!!!!!!!!!!!!!!!!!!!!!!!!!!!!!!!!!!!
!
/Users/lucacappelletti/github/networkx/adigraph_result.tex:35: LaTeX error: "xparse/split-excess-tokens"
! 
! Too many ',' tokens when trying to split argument.
! 
! See the LaTeX3 documentation for further information.
! 
! For immediate help type H <return>.
!...............................................  
                                                  
l.35 		\myAdigraph{}
                    
|'''''''''''''''''''''''''''''''''''''''''''''''
| LaTeX was asked to split the input '2,5,gray!90,' at each occurrence of the
| token ',', up to a maximum of 3 parts. There were too many ',' tokens.
|...............................................

.................................................
. LaTeX info: "xparse/redefine-command"
. 
. Redefining command \AdigraphMemorizeEdge with sig. 'm m G{black}' on line
. 35.
.................................................

!!!!!!!!!!!!!!!!!!!!!!!!!!!!!!!!!!!!!!!!!!!!!!!!
!
/Users/lucacappelletti/github/networkx/adigraph_result.tex:35: LaTeX error: "xparse/split-excess-tokens"
! 
! Too many ',' tokens when trying to split argument.
! 
! See the LaTeX3 documentation for further information.
! 
! For immediate help type H <return>.
!...............................................  
                                                  
l.35 		\myAdigraph{}
                    
|'''''''''''''''''''''''''''''''''''''''''''''''
| LaTeX was asked to split the input '2,6,gray!90,' at each occurrence of the
| token ',', up to a maximum of 3 parts. There were too many ',' tokens.
|...............................................

.................................................
. LaTeX info: "xparse/redefine-command"
. 
. Redefining command \AdigraphMemorizeEdge with sig. 'm m G{black}' on line
. 35.
.................................................

!!!!!!!!!!!!!!!!!!!!!!!!!!!!!!!!!!!!!!!!!!!!!!!!
!
/Users/lucacappelletti/github/networkx/adigraph_result.tex:35: LaTeX error: "xparse/split-excess-tokens"
! 
! Too many ',' tokens when trying to split argument.
! 
! See the LaTeX3 documentation for further information.
! 
! For immediate help type H <return>.
!...............................................  
                                                  
l.35 		\myAdigraph{}
                    
|'''''''''''''''''''''''''''''''''''''''''''''''
| LaTeX was asked to split the input '2,7,gray!90,' at each occurrence of the
| token ',', up to a maximum of 3 parts. There were too many ',' tokens.
|...............................................

.................................................
. LaTeX info: "xparse/redefine-command"
. 
. Redefining command \AdigraphMemorizeEdge with sig. 'm m G{black}' on line
. 35.
.................................................

!!!!!!!!!!!!!!!!!!!!!!!!!!!!!!!!!!!!!!!!!!!!!!!!
!
/Users/lucacappelletti/github/networkx/adigraph_result.tex:35: LaTeX error: "xparse/split-excess-tokens"
! 
! Too many ',' tokens when trying to split argument.
! 
! See the LaTeX3 documentation for further information.
! 
! For immediate help type H <return>.
!...............................................  
                                                  
l.35 		\myAdigraph{}
                    
|'''''''''''''''''''''''''''''''''''''''''''''''
| LaTeX was asked to split the input '3,4,gray!90,' at each occurrence of the
| token ',', up to a maximum of 3 parts. There were too many ',' tokens.
|...............................................

.................................................
. LaTeX info: "xparse/redefine-command"
. 
. Redefining command \AdigraphMemorizeEdge with sig. 'm m G{black}' on line
. 35.
.................................................

!!!!!!!!!!!!!!!!!!!!!!!!!!!!!!!!!!!!!!!!!!!!!!!!
!
/Users/lucacappelletti/github/networkx/adigraph_result.tex:35: LaTeX error: "xparse/split-excess-tokens"
! 
! Too many ',' tokens when trying to split argument.
! 
! See the LaTeX3 documentation for further information.
! 
! For immediate help type H <return>.
!...............................................  
                                                  
l.35 		\myAdigraph{}
                    
|'''''''''''''''''''''''''''''''''''''''''''''''
| LaTeX was asked to split the input '3,5,gray!90,' at each occurrence of the
| token ',', up to a maximum of 3 parts. There were too many ',' tokens.
|...............................................

.................................................
. LaTeX info: "xparse/redefine-command"
. 
. Redefining command \AdigraphMemorizeEdge with sig. 'm m G{black}' on line
. 35.
.................................................

!!!!!!!!!!!!!!!!!!!!!!!!!!!!!!!!!!!!!!!!!!!!!!!!
!
/Users/lucacappelletti/github/networkx/adigraph_result.tex:35: LaTeX error: "xparse/split-excess-tokens"
! 
! Too many ',' tokens when trying to split argument.
! 
! See the LaTeX3 documentation for further information.
! 
! For immediate help type H <return>.
!...............................................  
                                                  
l.35 		\myAdigraph{}
                    
|'''''''''''''''''''''''''''''''''''''''''''''''
| LaTeX was asked to split the input '3,6,gray!90,' at each occurrence of the
| token ',', up to a maximum of 3 parts. There were too many ',' tokens.
|...............................................

.................................................
. LaTeX info: "xparse/redefine-command"
. 
. Redefining command \AdigraphMemorizeEdge with sig. 'm m G{black}' on line
. 35.
.................................................

!!!!!!!!!!!!!!!!!!!!!!!!!!!!!!!!!!!!!!!!!!!!!!!!
!
/Users/lucacappelletti/github/networkx/adigraph_result.tex:35: LaTeX error: "xparse/split-excess-tokens"
! 
! Too many ',' tokens when trying to split argument.
! 
! See the LaTeX3 documentation for further information.
! 
! For immediate help type H <return>.
!...............................................  
                                                  
l.35 		\myAdigraph{}
                    
|'''''''''''''''''''''''''''''''''''''''''''''''
| LaTeX was asked to split the input '3,7,gray!90,' at each occurrence of the
| token ',', up to a maximum of 3 parts. There were too many ',' tokens.
|...............................................

.................................................
. LaTeX info: "xparse/redefine-command"
. 
. Redefining command \AdigraphMemorizeEdge with sig. 'm m G{black}' on line
. 35.
.................................................
( FP-EQ? ) ( FP-EQ? )

/Users/lucacappelletti/github/networkx/adigraph_result.tex:35: Package pgf Error: No shape named  is known.

See the pgf package documentation for explanation.
Type  H <return>  for immediate help.
 ...                                              
                                                  
l.35 		\myAdigraph{}
                    
This error message was generated by an \errmessage
command, so I can't give any explicit help.
Pretend that you're Hercule Poirot: Examine all clues,
and deduce the truth by order and method.


/Users/lucacappelletti/github/networkx/adigraph_result.tex:35: Package pgf Error: No shape named  is known.

See the pgf package documentation for explanation.
Type  H <return>  for immediate help.
 ...                                              
                                                  
l.35 		\myAdigraph{}
                    
(That was another \errmessage.)

( FP-EQ? ) ( FP-EQ? )

/Users/lucacappelletti/github/networkx/adigraph_result.tex:35: Package pgf Error: No shape named  is known.

See the pgf package documentation for explanation.
Type  H <return>  for immediate help.
 ...                                              
                                                  
l.35 		\myAdigraph{}
                    
(That was another \errmessage.)


/Users/lucacappelletti/github/networkx/adigraph_result.tex:35: Package pgf Error: No shape named  is known.

See the pgf package documentation for explanation.
Type  H <return>  for immediate help.
 ...                                              
                                                  
l.35 		\myAdigraph{}
                    
(That was another \errmessage.)

( FP-EQ? ) ( FP-EQ? )

/Users/lucacappelletti/github/networkx/adigraph_result.tex:35: Package pgf Error: No shape named  is known.

See the pgf package documentation for explanation.
Type  H <return>  for immediate help.
 ...                                              
                                                  
l.35 		\myAdigraph{}
                    
(That was another \errmessage.)


/Users/lucacappelletti/github/networkx/adigraph_result.tex:35: Package pgf Error: No shape named  is known.

See the pgf package documentation for explanation.
Type  H <return>  for immediate help.
 ...                                              
                                                  
l.35 		\myAdigraph{}
                    
(That was another \errmessage.)

( FP-EQ? ) ( FP-EQ? )

/Users/lucacappelletti/github/networkx/adigraph_result.tex:35: Package pgf Error: No shape named  is known.

See the pgf package documentation for explanation.
Type  H <return>  for immediate help.
 ...                                              
                                                  
l.35 		\myAdigraph{}
                    
(That was another \errmessage.)


/Users/lucacappelletti/github/networkx/adigraph_result.tex:35: Package pgf Error: No shape named  is known.

See the pgf package documentation for explanation.
Type  H <return>  for immediate help.
 ...                                              
                                                  
l.35 		\myAdigraph{}
                    
(That was another \errmessage.)

( FP-EQ? ) ( FP-EQ? ) ( FP-EQ? ) ( FP-EQ? ) ( FP-EQ? ) ( FP-EQ? ) ( FP-EQ? ) ( FP-EQ? ) ( FP-EQ? ) ( FP-EQ? ) ( FP-EQ? ) ( FP-EQ? ) ( FP-EQ? ) ( FP-EQ? ) ( FP-EQ? ) ( FP-EQ? ) ( FP-EQ? ) ( FP-EQ? ) ( FP-EQ? ) ( FP-EQ? ) ( FP-EQ? ) ( FP-EQ? ) ( FP-EQ? ) ( FP-EQ? )
Overfull \hbox (20.28104pt too wide) in paragraph at lines 34--36
[]\OT1/cmr/m/n/10 []            []
 []


Underfull \hbox (badness 10000) in paragraph at lines 34--36

 []

LaTeX Font Info:    External font `cmex10' loaded for size
(Font)              <7> on input line 37.
LaTeX Font Info:    External font `cmex10' loaded for size
(Font)              <5> on input line 37.
.................................................
. LaTeX info: "xparse/redefine-command"
. 
. Redefining command \AdigraphProcessAugmentingPaths with sig. 'm' on line 65.
.................................................
.................................................
. LaTeX info: "xparse/redefine-command"
. 
. Redefining command \AdigraphProcessAugmentingPathsList with sig. '> {
. \SplitList {;} } m' on line 65.
.................................................
.................................................
. LaTeX info: "xparse/define-command"
. 
. Defining command \myAdigraph with sig. 'm G{}' on line 65.
.................................................

!!!!!!!!!!!!!!!!!!!!!!!!!!!!!!!!!!!!!!!!!!!!!!!!
!
/Users/lucacappelletti/github/networkx/adigraph_result.tex:66: LaTeX error: "xparse/split-excess-tokens"
! 
! Too many ',' tokens when trying to split argument.
! 
! See the LaTeX3 documentation for further information.
! 
! For immediate help type H <return>.
!...............................................  
                                                  
l.66 		\myAdigraph{}
                    
|'''''''''''''''''''''''''''''''''''''''''''''''
| LaTeX was asked to split the input '0,green!90,' at each occurrence of the
| token ',', up to a maximum of 2 parts. There were too many ',' tokens.
|...............................................

.................................................
. LaTeX info: "xparse/redefine-command"
. 
. Redefining command \AdigraphGenerateNodeName with sig. 'm G{black}' on line
. 66.
.................................................
.................................................
. LaTeX info: "xparse/redefine-command"
. 
. Redefining command \AdigraphMemorizeNode with sig. 'm G{}' on line 66.
.................................................

!!!!!!!!!!!!!!!!!!!!!!!!!!!!!!!!!!!!!!!!!!!!!!!!
!
/Users/lucacappelletti/github/networkx/adigraph_result.tex:66: LaTeX error: "xparse/split-excess-tokens"
! 
! Too many ',' tokens when trying to split argument.
! 
! See the LaTeX3 documentation for further information.
! 
! For immediate help type H <return>.
!...............................................  
                                                  
l.66 		\myAdigraph{}
                    
|'''''''''''''''''''''''''''''''''''''''''''''''
| LaTeX was asked to split the input '1,green!90,' at each occurrence of the
| token ',', up to a maximum of 2 parts. There were too many ',' tokens.
|...............................................

.................................................
. LaTeX info: "xparse/redefine-command"
. 
. Redefining command \AdigraphGenerateNodeName with sig. 'm G{black}' on line
. 66.
.................................................
.................................................
. LaTeX info: "xparse/redefine-command"
. 
. Redefining command \AdigraphMemorizeNode with sig. 'm G{}' on line 66.
.................................................

!!!!!!!!!!!!!!!!!!!!!!!!!!!!!!!!!!!!!!!!!!!!!!!!
!
/Users/lucacappelletti/github/networkx/adigraph_result.tex:66: LaTeX error: "xparse/split-excess-tokens"
! 
! Too many ',' tokens when trying to split argument.
! 
! See the LaTeX3 documentation for further information.
! 
! For immediate help type H <return>.
!...............................................  
                                                  
l.66 		\myAdigraph{}
                    
|'''''''''''''''''''''''''''''''''''''''''''''''
| LaTeX was asked to split the input '2,gray!90,' at each occurrence of the
| token ',', up to a maximum of 2 parts. There were too many ',' tokens.
|...............................................

.................................................
. LaTeX info: "xparse/redefine-command"
. 
. Redefining command \AdigraphGenerateNodeName with sig. 'm G{black}' on line
. 66.
.................................................
.................................................
. LaTeX info: "xparse/redefine-command"
. 
. Redefining command \AdigraphMemorizeNode with sig. 'm G{}' on line 66.
.................................................

!!!!!!!!!!!!!!!!!!!!!!!!!!!!!!!!!!!!!!!!!!!!!!!!
!
/Users/lucacappelletti/github/networkx/adigraph_result.tex:66: LaTeX error: "xparse/split-excess-tokens"
! 
! Too many ',' tokens when trying to split argument.
! 
! See the LaTeX3 documentation for further information.
! 
! For immediate help type H <return>.
!...............................................  
                                                  
l.66 		\myAdigraph{}
                    
|'''''''''''''''''''''''''''''''''''''''''''''''
| LaTeX was asked to split the input '3,gray!90,' at each occurrence of the
| token ',', up to a maximum of 2 parts. There were too many ',' tokens.
|...............................................

.................................................
. LaTeX info: "xparse/redefine-command"
. 
. Redefining command \AdigraphGenerateNodeName with sig. 'm G{black}' on line
. 66.
.................................................
.................................................
. LaTeX info: "xparse/redefine-command"
. 
. Redefining command \AdigraphMemorizeNode with sig. 'm G{}' on line 66.
.................................................

!!!!!!!!!!!!!!!!!!!!!!!!!!!!!!!!!!!!!!!!!!!!!!!!
!
/Users/lucacappelletti/github/networkx/adigraph_result.tex:66: LaTeX error: "xparse/split-excess-tokens"
! 
! Too many ',' tokens when trying to split argument.
! 
! See the LaTeX3 documentation for further information.
! 
! For immediate help type H <return>.
!...............................................  
                                                  
l.66 		\myAdigraph{}
                    
|'''''''''''''''''''''''''''''''''''''''''''''''
| LaTeX was asked to split the input '4,purple!90,' at each occurrence of the
| token ',', up to a maximum of 2 parts. There were too many ',' tokens.
|...............................................

.................................................
. LaTeX info: "xparse/redefine-command"
. 
. Redefining command \AdigraphGenerateNodeName with sig. 'm G{black}' on line
. 66.
.................................................
.................................................
. LaTeX info: "xparse/redefine-command"
. 
. Redefining command \AdigraphMemorizeNode with sig. 'm G{}' on line 66.
.................................................

!!!!!!!!!!!!!!!!!!!!!!!!!!!!!!!!!!!!!!!!!!!!!!!!
!
/Users/lucacappelletti/github/networkx/adigraph_result.tex:66: LaTeX error: "xparse/split-excess-tokens"
! 
! Too many ',' tokens when trying to split argument.
! 
! See the LaTeX3 documentation for further information.
! 
! For immediate help type H <return>.
!...............................................  
                                                  
l.66 		\myAdigraph{}
                    
|'''''''''''''''''''''''''''''''''''''''''''''''
| LaTeX was asked to split the input '5,gray!90,' at each occurrence of the
| token ',', up to a maximum of 2 parts. There were too many ',' tokens.
|...............................................

.................................................
. LaTeX info: "xparse/redefine-command"
. 
. Redefining command \AdigraphGenerateNodeName with sig. 'm G{black}' on line
. 66.
.................................................
.................................................
. LaTeX info: "xparse/redefine-command"
. 
. Redefining command \AdigraphMemorizeNode with sig. 'm G{}' on line 66.
.................................................

!!!!!!!!!!!!!!!!!!!!!!!!!!!!!!!!!!!!!!!!!!!!!!!!
!
/Users/lucacappelletti/github/networkx/adigraph_result.tex:66: LaTeX error: "xparse/split-excess-tokens"
! 
! Too many ',' tokens when trying to split argument.
! 
! See the LaTeX3 documentation for further information.
! 
! For immediate help type H <return>.
!...............................................  
                                                  
l.66 		\myAdigraph{}
                    
|'''''''''''''''''''''''''''''''''''''''''''''''
| LaTeX was asked to split the input '6,gray!90,' at each occurrence of the
| token ',', up to a maximum of 2 parts. There were too many ',' tokens.
|...............................................

.................................................
. LaTeX info: "xparse/redefine-command"
. 
. Redefining command \AdigraphGenerateNodeName with sig. 'm G{black}' on line
. 66.
.................................................
.................................................
. LaTeX info: "xparse/redefine-command"
. 
. Redefining command \AdigraphMemorizeNode with sig. 'm G{}' on line 66.
.................................................

!!!!!!!!!!!!!!!!!!!!!!!!!!!!!!!!!!!!!!!!!!!!!!!!
!
/Users/lucacappelletti/github/networkx/adigraph_result.tex:66: LaTeX error: "xparse/split-excess-tokens"
! 
! Too many ',' tokens when trying to split argument.
! 
! See the LaTeX3 documentation for further information.
! 
! For immediate help type H <return>.
!...............................................  
                                                  
l.66 		\myAdigraph{}
                    
|'''''''''''''''''''''''''''''''''''''''''''''''
| LaTeX was asked to split the input '7,purple!90,' at each occurrence of the
| token ',', up to a maximum of 2 parts. There were too many ',' tokens.
|...............................................

.................................................
. LaTeX info: "xparse/redefine-command"
. 
. Redefining command \AdigraphGenerateNodeName with sig. 'm G{black}' on line
. 66.
.................................................
.................................................
. LaTeX info: "xparse/redefine-command"
. 
. Redefining command \AdigraphMemorizeNode with sig. 'm G{}' on line 66.
.................................................

!!!!!!!!!!!!!!!!!!!!!!!!!!!!!!!!!!!!!!!!!!!!!!!!
!
/Users/lucacappelletti/github/networkx/adigraph_result.tex:66: LaTeX error: "xparse/split-excess-tokens"
! 
! Too many ',' tokens when trying to split argument.
! 
! See the LaTeX3 documentation for further information.
! 
! For immediate help type H <return>.
!...............................................  
                                                  
l.66 		\myAdigraph{}
                    
|'''''''''''''''''''''''''''''''''''''''''''''''
| LaTeX was asked to split the input '0,4,gray!90,' at each occurrence of the
| token ',', up to a maximum of 3 parts. There were too many ',' tokens.
|...............................................

.................................................
. LaTeX info: "xparse/redefine-command"
. 
. Redefining command \AdigraphMemorizeEdge with sig. 'm m G{black}' on line
. 66.
.................................................

!!!!!!!!!!!!!!!!!!!!!!!!!!!!!!!!!!!!!!!!!!!!!!!!
!
/Users/lucacappelletti/github/networkx/adigraph_result.tex:66: LaTeX error: "xparse/split-excess-tokens"
! 
! Too many ',' tokens when trying to split argument.
! 
! See the LaTeX3 documentation for further information.
! 
! For immediate help type H <return>.
!...............................................  
                                                  
l.66 		\myAdigraph{}
                    
|'''''''''''''''''''''''''''''''''''''''''''''''
| LaTeX was asked to split the input '0,5,gray!90,' at each occurrence of the
| token ',', up to a maximum of 3 parts. There were too many ',' tokens.
|...............................................

.................................................
. LaTeX info: "xparse/redefine-command"
. 
. Redefining command \AdigraphMemorizeEdge with sig. 'm m G{black}' on line
. 66.
.................................................

!!!!!!!!!!!!!!!!!!!!!!!!!!!!!!!!!!!!!!!!!!!!!!!!
!
/Users/lucacappelletti/github/networkx/adigraph_result.tex:66: LaTeX error: "xparse/split-excess-tokens"
! 
! Too many ',' tokens when trying to split argument.
! 
! See the LaTeX3 documentation for further information.
! 
! For immediate help type H <return>.
!...............................................  
                                                  
l.66 		\myAdigraph{}
                    
|'''''''''''''''''''''''''''''''''''''''''''''''
| LaTeX was asked to split the input '0,6,gray!90,' at each occurrence of the
| token ',', up to a maximum of 3 parts. There were too many ',' tokens.
|...............................................

.................................................
. LaTeX info: "xparse/redefine-command"
. 
. Redefining command \AdigraphMemorizeEdge with sig. 'm m G{black}' on line
. 66.
.................................................

!!!!!!!!!!!!!!!!!!!!!!!!!!!!!!!!!!!!!!!!!!!!!!!!
!
/Users/lucacappelletti/github/networkx/adigraph_result.tex:66: LaTeX error: "xparse/split-excess-tokens"
! 
! Too many ',' tokens when trying to split argument.
! 
! See the LaTeX3 documentation for further information.
! 
! For immediate help type H <return>.
!...............................................  
                                                  
l.66 		\myAdigraph{}
                    
|'''''''''''''''''''''''''''''''''''''''''''''''
| LaTeX was asked to split the input '0,7,gray!90,' at each occurrence of the
| token ',', up to a maximum of 3 parts. There were too many ',' tokens.
|...............................................

.................................................
. LaTeX info: "xparse/redefine-command"
. 
. Redefining command \AdigraphMemorizeEdge with sig. 'm m G{black}' on line
. 66.
.................................................

!!!!!!!!!!!!!!!!!!!!!!!!!!!!!!!!!!!!!!!!!!!!!!!!
!
/Users/lucacappelletti/github/networkx/adigraph_result.tex:66: LaTeX error: "xparse/split-excess-tokens"
! 
! Too many ',' tokens when trying to split argument.
! 
! See the LaTeX3 documentation for further information.
! 
! For immediate help type H <return>.
!...............................................  
                                                  
l.66 		\myAdigraph{}
                    
|'''''''''''''''''''''''''''''''''''''''''''''''
| LaTeX was asked to split the input '1,4,gray!90,' at each occurrence of the
| token ',', up to a maximum of 3 parts. There were too many ',' tokens.
|...............................................

.................................................
. LaTeX info: "xparse/redefine-command"
. 
. Redefining command \AdigraphMemorizeEdge with sig. 'm m G{black}' on line
. 66.
.................................................

!!!!!!!!!!!!!!!!!!!!!!!!!!!!!!!!!!!!!!!!!!!!!!!!
!
/Users/lucacappelletti/github/networkx/adigraph_result.tex:66: LaTeX error: "xparse/split-excess-tokens"
! 
! Too many ',' tokens when trying to split argument.
! 
! See the LaTeX3 documentation for further information.
! 
! For immediate help type H <return>.
!...............................................  
                                                  
l.66 		\myAdigraph{}
                    
|'''''''''''''''''''''''''''''''''''''''''''''''
| LaTeX was asked to split the input '1,5,gray!90,' at each occurrence of the
| token ',', up to a maximum of 3 parts. There were too many ',' tokens.
|...............................................

.................................................
. LaTeX info: "xparse/redefine-command"
. 
. Redefining command \AdigraphMemorizeEdge with sig. 'm m G{black}' on line
. 66.
.................................................

!!!!!!!!!!!!!!!!!!!!!!!!!!!!!!!!!!!!!!!!!!!!!!!!
!
/Users/lucacappelletti/github/networkx/adigraph_result.tex:66: LaTeX error: "xparse/split-excess-tokens"
! 
! Too many ',' tokens when trying to split argument.
! 
! See the LaTeX3 documentation for further information.
! 
! For immediate help type H <return>.
!...............................................  
                                                  
l.66 		\myAdigraph{}
                    
|'''''''''''''''''''''''''''''''''''''''''''''''
| LaTeX was asked to split the input '1,6,gray!90,' at each occurrence of the
| token ',', up to a maximum of 3 parts. There were too many ',' tokens.
|...............................................

.................................................
. LaTeX info: "xparse/redefine-command"
. 
. Redefining command \AdigraphMemorizeEdge with sig. 'm m G{black}' on line
. 66.
.................................................

!!!!!!!!!!!!!!!!!!!!!!!!!!!!!!!!!!!!!!!!!!!!!!!!
!
/Users/lucacappelletti/github/networkx/adigraph_result.tex:66: LaTeX error: "xparse/split-excess-tokens"
! 
! Too many ',' tokens when trying to split argument.
! 
! See the LaTeX3 documentation for further information.
! 
! For immediate help type H <return>.
!...............................................  
                                                  
l.66 		\myAdigraph{}
                    
|'''''''''''''''''''''''''''''''''''''''''''''''
| LaTeX was asked to split the input '1,7,gray!90,' at each occurrence of the
| token ',', up to a maximum of 3 parts. There were too many ',' tokens.
|...............................................

.................................................
. LaTeX info: "xparse/redefine-command"
. 
. Redefining command \AdigraphMemorizeEdge with sig. 'm m G{black}' on line
. 66.
.................................................

!!!!!!!!!!!!!!!!!!!!!!!!!!!!!!!!!!!!!!!!!!!!!!!!
!
/Users/lucacappelletti/github/networkx/adigraph_result.tex:66: LaTeX error: "xparse/split-excess-tokens"
! 
! Too many ',' tokens when trying to split argument.
! 
! See the LaTeX3 documentation for further information.
! 
! For immediate help type H <return>.
!...............................................  
                                                  
l.66 		\myAdigraph{}
                    
|'''''''''''''''''''''''''''''''''''''''''''''''
| LaTeX was asked to split the input '2,4,gray!90,' at each occurrence of the
| token ',', up to a maximum of 3 parts. There were too many ',' tokens.
|...............................................

.................................................
. LaTeX info: "xparse/redefine-command"
. 
. Redefining command \AdigraphMemorizeEdge with sig. 'm m G{black}' on line
. 66.
.................................................

!!!!!!!!!!!!!!!!!!!!!!!!!!!!!!!!!!!!!!!!!!!!!!!!
!
/Users/lucacappelletti/github/networkx/adigraph_result.tex:66: LaTeX error: "xparse/split-excess-tokens"
! 
! Too many ',' tokens when trying to split argument.
! 
! See the LaTeX3 documentation for further information.
! 
! For immediate help type H <return>.
!...............................................  
                                                  
l.66 		\myAdigraph{}
                    
|'''''''''''''''''''''''''''''''''''''''''''''''
| LaTeX was asked to split the input '2,5,gray!90,' at each occurrence of the
| token ',', up to a maximum of 3 parts. There were too many ',' tokens.
|...............................................

.................................................
. LaTeX info: "xparse/redefine-command"
. 
. Redefining command \AdigraphMemorizeEdge with sig. 'm m G{black}' on line
. 66.
.................................................

!!!!!!!!!!!!!!!!!!!!!!!!!!!!!!!!!!!!!!!!!!!!!!!!
!
/Users/lucacappelletti/github/networkx/adigraph_result.tex:66: LaTeX error: "xparse/split-excess-tokens"
! 
! Too many ',' tokens when trying to split argument.
! 
! See the LaTeX3 documentation for further information.
! 
! For immediate help type H <return>.
!...............................................  
                                                  
l.66 		\myAdigraph{}
                    
|'''''''''''''''''''''''''''''''''''''''''''''''
| LaTeX was asked to split the input '2,6,gray!90,' at each occurrence of the
| token ',', up to a maximum of 3 parts. There were too many ',' tokens.
|...............................................

.................................................
. LaTeX info: "xparse/redefine-command"
. 
. Redefining command \AdigraphMemorizeEdge with sig. 'm m G{black}' on line
. 66.
.................................................

!!!!!!!!!!!!!!!!!!!!!!!!!!!!!!!!!!!!!!!!!!!!!!!!
!
/Users/lucacappelletti/github/networkx/adigraph_result.tex:66: LaTeX error: "xparse/split-excess-tokens"
! 
! Too many ',' tokens when trying to split argument.
! 
! See the LaTeX3 documentation for further information.
! 
! For immediate help type H <return>.
!...............................................  
                                                  
l.66 		\myAdigraph{}
                    
|'''''''''''''''''''''''''''''''''''''''''''''''
| LaTeX was asked to split the input '2,7,gray!90,' at each occurrence of the
| token ',', up to a maximum of 3 parts. There were too many ',' tokens.
|...............................................

.................................................
. LaTeX info: "xparse/redefine-command"
. 
. Redefining command \AdigraphMemorizeEdge with sig. 'm m G{black}' on line
. 66.
.................................................

!!!!!!!!!!!!!!!!!!!!!!!!!!!!!!!!!!!!!!!!!!!!!!!!
!
/Users/lucacappelletti/github/networkx/adigraph_result.tex:66: LaTeX error: "xparse/split-excess-tokens"
! 
! Too many ',' tokens when trying to split argument.
! 
! See the LaTeX3 documentation for further information.
! 
! For immediate help type H <return>.
!...............................................  
                                                  
l.66 		\myAdigraph{}
                    
|'''''''''''''''''''''''''''''''''''''''''''''''
| LaTeX was asked to split the input '3,4,gray!90,' at each occurrence of the
| token ',', up to a maximum of 3 parts. There were too many ',' tokens.
|...............................................

.................................................
. LaTeX info: "xparse/redefine-command"
. 
. Redefining command \AdigraphMemorizeEdge with sig. 'm m G{black}' on line
. 66.
.................................................

!!!!!!!!!!!!!!!!!!!!!!!!!!!!!!!!!!!!!!!!!!!!!!!!
!
/Users/lucacappelletti/github/networkx/adigraph_result.tex:66: LaTeX error: "xparse/split-excess-tokens"
! 
! Too many ',' tokens when trying to split argument.
! 
! See the LaTeX3 documentation for further information.
! 
! For immediate help type H <return>.
!...............................................  
                                                  
l.66 		\myAdigraph{}
                    
|'''''''''''''''''''''''''''''''''''''''''''''''
| LaTeX was asked to split the input '3,5,gray!90,' at each occurrence of the
| token ',', up to a maximum of 3 parts. There were too many ',' tokens.
|...............................................

.................................................
. LaTeX info: "xparse/redefine-command"
. 
. Redefining command \AdigraphMemorizeEdge with sig. 'm m G{black}' on line
. 66.
.................................................

!!!!!!!!!!!!!!!!!!!!!!!!!!!!!!!!!!!!!!!!!!!!!!!!
!
/Users/lucacappelletti/github/networkx/adigraph_result.tex:66: LaTeX error: "xparse/split-excess-tokens"
! 
! Too many ',' tokens when trying to split argument.
! 
! See the LaTeX3 documentation for further information.
! 
! For immediate help type H <return>.
!...............................................  
                                                  
l.66 		\myAdigraph{}
                    
|'''''''''''''''''''''''''''''''''''''''''''''''
| LaTeX was asked to split the input '3,6,gray!90,' at each occurrence of the
| token ',', up to a maximum of 3 parts. There were too many ',' tokens.
|...............................................

.................................................
. LaTeX info: "xparse/redefine-command"
. 
. Redefining command \AdigraphMemorizeEdge with sig. 'm m G{black}' on line
. 66.
.................................................

!!!!!!!!!!!!!!!!!!!!!!!!!!!!!!!!!!!!!!!!!!!!!!!!
!
/Users/lucacappelletti/github/networkx/adigraph_result.tex:66: LaTeX error: "xparse/split-excess-tokens"
! 
! Too many ',' tokens when trying to split argument.
! 
! See the LaTeX3 documentation for further information.
! 
! For immediate help type H <return>.
!...............................................  
                                                  
l.66 		\myAdigraph{}
                    
|'''''''''''''''''''''''''''''''''''''''''''''''
| LaTeX was asked to split the input '3,7,gray!90,' at each occurrence of the
| token ',', up to a maximum of 3 parts. There were too many ',' tokens.
|...............................................

.................................................
. LaTeX info: "xparse/redefine-command"
. 
. Redefining command \AdigraphMemorizeEdge with sig. 'm m G{black}' on line
. 66.
.................................................
( FP-EQ? ) ( FP-EQ? )

/Users/lucacappelletti/github/networkx/adigraph_result.tex:66: Package pgf Error: No shape named  is known.

See the pgf package documentation for explanation.
Type  H <return>  for immediate help.
 ...                                              
                                                  
l.66 		\myAdigraph{}
                    
(That was another \errmessage.)


/Users/lucacappelletti/github/networkx/adigraph_result.tex:66: Package pgf Error: No shape named  is known.

See the pgf package documentation for explanation.
Type  H <return>  for immediate help.
 ...                                              
                                                  
l.66 		\myAdigraph{}
                    
(That was another \errmessage.)

( FP-EQ? ) ( FP-EQ? )

/Users/lucacappelletti/github/networkx/adigraph_result.tex:66: Package pgf Error: No shape named  is known.

See the pgf package documentation for explanation.
Type  H <return>  for immediate help.
 ...                                              
                                                  
l.66 		\myAdigraph{}
                    
(That was another \errmessage.)


/Users/lucacappelletti/github/networkx/adigraph_result.tex:66: Package pgf Error: No shape named  is known.

See the pgf package documentation for explanation.
Type  H <return>  for immediate help.
 ...                                              
                                                  
l.66 		\myAdigraph{}
                    
(That was another \errmessage.)

( FP-EQ? ) ( FP-EQ? )

/Users/lucacappelletti/github/networkx/adigraph_result.tex:66: Package pgf Error: No shape named  is known.

See the pgf package documentation for explanation.
Type  H <return>  for immediate help.
 ...                                              
                                                  
l.66 		\myAdigraph{}
                    
(That was another \errmessage.)


/Users/lucacappelletti/github/networkx/adigraph_result.tex:66: Package pgf Error: No shape named  is known.

See the pgf package documentation for explanation.
Type  H <return>  for immediate help.
 ...                                              
                                                  
l.66 		\myAdigraph{}
                    
(That was another \errmessage.)

( FP-EQ? ) ( FP-EQ? )

/Users/lucacappelletti/github/networkx/adigraph_result.tex:66: Package pgf Error: No shape named  is known.

See the pgf package documentation for explanation.
Type  H <return>  for immediate help.
 ...                                              
                                                  
l.66 		\myAdigraph{}
                    
(That was another \errmessage.)


/Users/lucacappelletti/github/networkx/adigraph_result.tex:66: Package pgf Error: No shape named  is known.

See the pgf package documentation for explanation.
Type  H <return>  for immediate help.
 ...                                              
                                                  
l.66 		\myAdigraph{}
                    
(That was another \errmessage.)

( FP-EQ? ) ( FP-EQ? ) ( FP-EQ? ) ( FP-EQ? ) ( FP-EQ? ) ( FP-EQ? ) ( FP-EQ? ) ( FP-EQ? ) ( FP-EQ? ) ( FP-EQ? ) ( FP-EQ? ) ( FP-EQ? ) ( FP-EQ? ) ( FP-EQ? ) ( FP-EQ? ) ( FP-EQ? ) ( FP-EQ? ) ( FP-EQ? ) ( FP-EQ? ) ( FP-EQ? ) ( FP-EQ? ) ( FP-EQ? ) ( FP-EQ? ) ( FP-EQ? )
Overfull \hbox (52.609pt too wide) in paragraph at lines 65--67
[]\OT1/cmr/m/n/10 []            []
 []


Underfull \hbox (badness 10000) in paragraph at lines 65--67

 []


Overfull \hbox (2.22221pt too wide) in paragraph at lines 7--69
[]$[]$ $[]$ 
 []

[1{/usr/local/texlive/2018/texmf-var/fonts/map/pdftex/updmap/pdftex.map}] (/Users/lucacappelletti/github/networkx/adigraph_result.aux)

LaTeX Warning: Label(s) may have changed. Rerun to get cross-references right.

 ) 
Here is how much of TeX's memory you used:
 22538 strings out of 492649
 455262 string characters out of 6129623
 492546 words of memory out of 5000000
 26151 multiletter control sequences out of 15000+600000
 530571 words of font info for 23 fonts, out of 8000000 for 9000
 1141 hyphenation exceptions out of 8191
 62i,11n,75p,10453b,1376s stack positions out of 5000i,500n,10000p,200000b,80000s
</usr/local/texlive/2018/texmf-dist/fonts/type1/public/amsfonts/cm/cmr10.pfb></usr/local/texlive/2018/texmf-dist/fonts/type1/public/amsfonts/cm/cmr9.pfb>
Output written on /Users/lucacappelletti/github/networkx/adigraph_result.pdf (1 page, 31271 bytes).
PDF statistics:
 19 PDF objects out of 1000 (max. 8388607)
 13 compressed objects within 1 object stream
 0 named destinations out of 1000 (max. 500000)
 13 words of extra memory for PDF output out of 10000 (max. 10000000)

