INFO:root:Current roots: ['1', '8']
INFO:root:Current eligible edges: [('1', '2'), ('8', '7')]
INFO:root:Selected edge: ('1', '2')
INFO:root:u : 1
INFO:root:v : 2
INFO:root:B(v) is positive : False
INFO:root:B(v) and B(u) are in the same tree : False
INFO:root:curr blossoms list: {}
INFO:root:priority list: {'1': 1, '2': 8, '3': 6, '4': 5, '5': 2, '6': 4, '7': 3, '8': 1, '9': 7}
INFO:root:First condition
INFO:root:There is an augmenting path
INFO:root:['1', '2', '3']
INFO:root:update the augemnting path in the Graph and try to find more for priority 1
INFO:root:Current roots: ['8']
INFO:root:Current eligible edges: [('8', '7')]
INFO:root:Selected edge: ('8', '7')
INFO:root:u : 8
INFO:root:v : 7
INFO:root:B(v) is positive : False
INFO:root:B(v) and B(u) are in the same tree : False
INFO:root:curr blossoms list: {}
INFO:root:priority list: {'1': 1, '2': 8, '3': 6, '4': 5, '5': 2, '6': 4, '7': 3, '8': 1, '9': 7}
INFO:root:First condition
INFO:root:There is an augmenting path
INFO:root:['8', '7', '6']
INFO:root:update the augemnting path in the Graph and try to find more for priority 1
INFO:root:No relevant roots
INFO:root:No relevant roots
INFO:root:No relevant roots
INFO:root:Current roots: ['6']
INFO:root:Current eligible edges: [('6', '5'), ('6', '7')]
INFO:root:Selected edge: ('6', '5')
INFO:root:u : 6
INFO:root:v : 5
INFO:root:B(v) is positive : False
INFO:root:B(v) and B(u) are in the same tree : False
INFO:root:curr blossoms list: {}
INFO:root:priority list: {'1': 1, '2': 8, '3': 6, '4': 5, '5': 2, '6': 4, '7': 3, '8': 1, '9': 7}
INFO:root:First condition
INFO:root:There is an augmenting path
INFO:root:['6', '5', '4']
INFO:root:update the augemnting path in the Graph and try to find more for priority 4
INFO:root:No relevant roots
INFO:root:Current roots: ['4']
INFO:root:Current eligible edges: [('4', '3'), ('4', '5')]
INFO:root:Selected edge: ('4', '3')
INFO:root:u : 4
INFO:root:v : 3
INFO:root:B(v) is positive : False
INFO:root:B(v) and B(u) are in the same tree : False
INFO:root:curr blossoms list: {}
INFO:root:priority list: {'1': 1, '2': 8, '3': 6, '4': 5, '5': 2, '6': 4, '7': 3, '8': 1, '9': 7}
INFO:root:Second condition
INFO:root:There is an augmenting path
INFO:root:['4', '3']
INFO:root:update the augemnting path in the Graph and try to find more for priority 5
INFO:root:No relevant roots
INFO:root:No relevant roots
INFO:root:Current roots: ['9']
INFO:root:Current eligible edges: [('9', '7')]
INFO:root:Selected edge: ('9', '7')
INFO:root:u : 9
INFO:root:v : 7
INFO:root:B(v) is positive : False
INFO:root:B(v) and B(u) are in the same tree : False
INFO:root:curr blossoms list: {}
INFO:root:priority list: {'1': 1, '2': 8, '3': 6, '4': 5, '5': 2, '6': 4, '7': 3, '8': 1, '9': 7}
INFO:root:First condition
INFO:root:It is not an augmenting path, add all incident edges to node 8 to eligible edges
INFO:root:No relevant roots
INFO:root:Find maximal matching for G {('7', '8'), ('3', '4'), ('1', '2'), ('5', '6')}
INFO:root:Searching for augmenting paths for prioirity 1
INFO:root:No relevant roots
INFO:root:There are no more augmenting paths for prioirity 1
INFO:root:Searching for augmenting paths for prioirity 2
INFO:root:No relevant roots
INFO:root:There are no more augmenting paths for prioirity 2
INFO:root:Searching for augmenting paths for prioirity 3
INFO:root:No relevant roots
INFO:root:There are no more augmenting paths for prioirity 3
INFO:root:Searching for augmenting paths for prioirity 4
INFO:root:No relevant roots
INFO:root:There are no more augmenting paths for prioirity 4
INFO:root:Searching for augmenting paths for prioirity 5
INFO:root:No relevant roots
INFO:root:There are no more augmenting paths for prioirity 5
INFO:root:Searching for augmenting paths for prioirity 6
INFO:root:No relevant roots
INFO:root:There are no more augmenting paths for prioirity 6
INFO:root:Searching for augmenting paths for prioirity 7
INFO:root:Current roots: ['9']
INFO:root:Current eligible edges: [('9', '7')]
INFO:root:Selected edge: ('9', '7')
INFO:root:u : 9
INFO:root:v : 7
INFO:root:B(v) is positive : False
INFO:root:B(v) and B(u) are in the same tree : False
INFO:root:curr blossoms list: {}
INFO:root:priority list: {'1': 1, '2': 8, '3': 6, '4': 5, '5': 2, '6': 4, '7': 3, '8': 1, '9': 7}
INFO:root:First condition
INFO:root:It is not an augmenting path, add all incident edges to node 8 to eligible edges
INFO:root:There are no more augmenting paths for prioirity 7
INFO:root:Searching for augmenting paths for prioirity 8
INFO:root:No relevant roots
INFO:root:There are no more augmenting paths for prioirity 8
INFO:root:Searching for augmenting paths for prioirity 9
INFO:root:No relevant roots
INFO:root:There are no more augmenting paths for prioirity 9
INFO:root:Find maximal matching for G {('1', '2'), ('5', '7'), ('10', '11'), ('8', '9'), ('3', '4')}
INFO:root:Searching for augmenting paths for prioirity 1
INFO:root:Current roots: ['6', '12']
INFO:root:Current eligible edges: [('6', '3'), ('6', '7'), ('12', '10'), ('12', '11')]
INFO:root:Selected edge: ('6', '3')
INFO:root:u : 6
INFO:root:v : 3
INFO:root:B(v) is positive : False
INFO:root:B(v) and B(u) are in the same tree : False
INFO:root:curr blossoms list: {}
INFO:root:priority list: {'1': 1, '2': 2, '3': 1, '4': 1, '5': 1, '6': 1, '7': 1, '8': 1, '9': 2, '10': 1, '11': 1, '12': 1}
INFO:root:First condition
INFO:root:It is not an augmenting path, add all incident edges to node 4 to eligible edges
INFO:root:Current eligible edges: [('6', '7'), ('12', '10'), ('12', '11'), ('4', '5')]
INFO:root:Selected edge: ('6', '7')
INFO:root:u : 6
INFO:root:v : 7
INFO:root:B(v) is positive : False
INFO:root:B(v) and B(u) are in the same tree : False
INFO:root:curr blossoms list: {}
INFO:root:priority list: {'1': 1, '2': 2, '3': 1, '4': 1, '5': 1, '6': 1, '7': 1, '8': 1, '9': 2, '10': 1, '11': 1, '12': 1}
INFO:root:First condition
INFO:root:It is not an augmenting path, add all incident edges to node 5 to eligible edges
INFO:root:Current eligible edges: [('12', '10'), ('12', '11'), ('4', '5')]
INFO:root:Selected edge: ('12', '10')
INFO:root:u : 12
INFO:root:v : 10
INFO:root:B(v) is positive : False
INFO:root:B(v) and B(u) are in the same tree : False
INFO:root:curr blossoms list: {}
INFO:root:priority list: {'1': 1, '2': 2, '3': 1, '4': 1, '5': 1, '6': 1, '7': 1, '8': 1, '9': 2, '10': 1, '11': 1, '12': 1}
INFO:root:First condition
INFO:root:It is not an augmenting path, add all incident edges to node 11 to eligible edges
INFO:root:Current eligible edges: [('12', '11'), ('4', '5'), ('11', '7')]
INFO:root:Selected edge: ('12', '11')
INFO:root:u : 12
INFO:root:v : 11
INFO:root:B(v) is positive : True
INFO:root:B(v) and B(u) are in the same tree : True
INFO:root:curr blossoms list: {}
INFO:root:priority list: {'1': 1, '2': 2, '3': 1, '4': 1, '5': 1, '6': 1, '7': 1, '8': 1, '9': 2, '10': 1, '11': 1, '12': 1}
INFO:root:Fourth condition
INFO:root:Find blossom
INFO:root:blossom_key: B0
INFO:root:{'nodes': ['12', '10', '11'], 'root': '12', 'isPositive': True, 'Base': '12'}
INFO:root:There isn't an augmenting path yet, add all incident edges to the odds nodes in the blossom
INFO:root:shrink_blossom and continue to next edge in eligeble edges
INFO:root:Current eligible edges: [('4', '5'), ('11', '7'), ('10', '9')]
INFO:root:Selected edge: ('4', '5')
INFO:root:u : 4
INFO:root:v : 5
INFO:root:B(v) is positive : True
INFO:root:B(v) and B(u) are in the same tree : True
INFO:root:curr blossoms list: {'B0': {'nodes': ['12', '10', '11'], 'root': '12', 'isPositive': True, 'Base': '12'}}
INFO:root:priority list: {'1': 1, '2': 2, '3': 1, '4': 1, '5': 1, '6': 1, '7': 1, '8': 1, '9': 2, '10': 1, '11': 1, '12': 1}
INFO:root:Fourth condition
INFO:root:Find blossom
INFO:root:blossom_key: B1
INFO:root:{'nodes': ['4', '3', '6', '7', '5'], 'root': '6', 'isPositive': True, 'Base': '6'}
INFO:root:There isn't an augmenting path yet, add all incident edges to the odds nodes in the blossom
INFO:root:shrink_blossom and continue to next edge in eligeble edges
INFO:root:Current eligible edges: [('11', '7'), ('10', '9'), ('3', '2')]
INFO:root:Selected edge: ('11', '7')
INFO:root:u : 11
INFO:root:v : 7
INFO:root:B(v) is positive : True
INFO:root:B(v) and B(u) are in the same tree : False
INFO:root:curr blossoms list: {'B0': {'nodes': ['12', '10', '11'], 'root': '12', 'isPositive': True, 'Base': '12'}, 'B1': {'nodes': ['4', '3', '6', '7', '5'], 'root': '6', 'isPositive': True, 'Base': '6'}}
INFO:root:priority list: {'1': 1, '2': 2, '3': 1, '4': 1, '5': 1, '6': 1, '7': 1, '8': 1, '9': 2, '10': 1, '11': 1, '12': 1}
INFO:root:Third condition
INFO:root:There is an augmenting path
INFO:root:['12', '10', '11', '7', '5', '4', '3', '6']
INFO:root:update the augemnting path in the Graph and try to find more for priority 1
INFO:root:No relevant roots
INFO:root:There are no more augmenting paths for prioirity 1
INFO:root:Searching for augmenting paths for prioirity 2
INFO:root:No relevant roots
INFO:root:There are no more augmenting paths for prioirity 2
INFO:root:Searching for augmenting paths for prioirity 3
INFO:root:No relevant roots
INFO:root:There are no more augmenting paths for prioirity 3
INFO:root:Searching for augmenting paths for prioirity 4
INFO:root:No relevant roots
INFO:root:There are no more augmenting paths for prioirity 4
INFO:root:Searching for augmenting paths for prioirity 5
INFO:root:No relevant roots
INFO:root:There are no more augmenting paths for prioirity 5
INFO:root:Searching for augmenting paths for prioirity 6
INFO:root:No relevant roots
INFO:root:There are no more augmenting paths for prioirity 6
INFO:root:Searching for augmenting paths for prioirity 7
INFO:root:No relevant roots
INFO:root:There are no more augmenting paths for prioirity 7
INFO:root:Searching for augmenting paths for prioirity 8
INFO:root:No relevant roots
INFO:root:There are no more augmenting paths for prioirity 8
INFO:root:Searching for augmenting paths for prioirity 9
INFO:root:No relevant roots
INFO:root:There are no more augmenting paths for prioirity 9
INFO:root:Searching for augmenting paths for prioirity 10
INFO:root:No relevant roots
INFO:root:There are no more augmenting paths for prioirity 10
INFO:root:Searching for augmenting paths for prioirity 11
INFO:root:No relevant roots
INFO:root:There are no more augmenting paths for prioirity 11
INFO:root:Searching for augmenting paths for prioirity 12
INFO:root:No relevant roots
INFO:root:There are no more augmenting paths for prioirity 12
INFO:root:Find maximal matching for G {('30', '40'), ('17', '34'), ('1', '37')}
INFO:root:Searching for augmenting paths for prioirity 1
INFO:root:Current roots: ['test']
INFO:root:Current eligible edges: [('test', '1')]
INFO:root:Selected edge: ('test', '1')
INFO:root:u : test
INFO:root:v : 1
INFO:root:B(v) is positive : False
INFO:root:B(v) and B(u) are in the same tree : False
INFO:root:curr blossoms list: {}
INFO:root:priority list: {'0': 23, '1': 27, '2': 9, '3': 10, '4': 9, '5': 20, '6': 20, '7': 48, '8': 45, '9': 4, '10': 13, '11': 21, '12': 40, '13': 13, '14': 44, '15': 36, '16': 11, '17': 50, '18': 33, '19': 35, '20': 19, '21': 10, '22': 16, '23': 32, '24': 22, '25': 20, '26': 3, '27': 40, '28': 9, '29': 35, '30': 29, '31': 26, '32': 14, '33': 40, '34': 28, '35': 37, '36': 50, '37': 25, '38': 40, '39': 6, '40': 39, '41': 48, '42': 49, '43': 46, '44': 33, '45': 3, '46': 33, '47': 4, '48': 22, '49': 35, 'test': 1}
INFO:root:First condition
INFO:root:There is an augmenting path
INFO:root:['test', '1', '37']
INFO:root:update the augemnting path in the Graph and try to find more for priority 1
INFO:root:No relevant roots
INFO:root:There are no more augmenting paths for prioirity 1
INFO:root:Searching for augmenting paths for prioirity 2
INFO:root:No relevant roots
INFO:root:There are no more augmenting paths for prioirity 2
INFO:root:Searching for augmenting paths for prioirity 3
INFO:root:Current roots: ['26', '45']
INFO:root:There are no more augmenting paths for prioirity 3
INFO:root:Searching for augmenting paths for prioirity 4
INFO:root:Current roots: ['9', '47']
INFO:root:There are no more augmenting paths for prioirity 4
INFO:root:Searching for augmenting paths for prioirity 5
INFO:root:No relevant roots
INFO:root:There are no more augmenting paths for prioirity 5
INFO:root:Searching for augmenting paths for prioirity 6
INFO:root:Current roots: ['39']
INFO:root:There are no more augmenting paths for prioirity 6
INFO:root:Searching for augmenting paths for prioirity 7
INFO:root:No relevant roots
INFO:root:There are no more augmenting paths for prioirity 7
INFO:root:Searching for augmenting paths for prioirity 8
INFO:root:No relevant roots
INFO:root:There are no more augmenting paths for prioirity 8
INFO:root:Searching for augmenting paths for prioirity 9
INFO:root:Current roots: ['2', '4', '28']
INFO:root:There are no more augmenting paths for prioirity 9
INFO:root:Searching for augmenting paths for prioirity 10
INFO:root:Current roots: ['3', '21']
INFO:root:There are no more augmenting paths for prioirity 10
INFO:root:Searching for augmenting paths for prioirity 11
INFO:root:Current roots: ['16']
INFO:root:There are no more augmenting paths for prioirity 11
INFO:root:Searching for augmenting paths for prioirity 12
INFO:root:No relevant roots
INFO:root:There are no more augmenting paths for prioirity 12
INFO:root:Searching for augmenting paths for prioirity 13
INFO:root:Current roots: ['10', '13']
INFO:root:There are no more augmenting paths for prioirity 13
INFO:root:Searching for augmenting paths for prioirity 14
INFO:root:Current roots: ['32']
INFO:root:There are no more augmenting paths for prioirity 14
INFO:root:Searching for augmenting paths for prioirity 15
INFO:root:No relevant roots
INFO:root:There are no more augmenting paths for prioirity 15
INFO:root:Searching for augmenting paths for prioirity 16
INFO:root:Current roots: ['22']
INFO:root:There are no more augmenting paths for prioirity 16
INFO:root:Searching for augmenting paths for prioirity 17
INFO:root:No relevant roots
INFO:root:There are no more augmenting paths for prioirity 17
INFO:root:Searching for augmenting paths for prioirity 18
INFO:root:No relevant roots
INFO:root:There are no more augmenting paths for prioirity 18
INFO:root:Searching for augmenting paths for prioirity 19
INFO:root:Current roots: ['20']
INFO:root:There are no more augmenting paths for prioirity 19
INFO:root:Searching for augmenting paths for prioirity 20
INFO:root:Current roots: ['5', '6', '25']
INFO:root:There are no more augmenting paths for prioirity 20
INFO:root:Searching for augmenting paths for prioirity 21
INFO:root:Current roots: ['11']
INFO:root:There are no more augmenting paths for prioirity 21
INFO:root:Searching for augmenting paths for prioirity 22
INFO:root:Current roots: ['24', '48']
INFO:root:There are no more augmenting paths for prioirity 22
INFO:root:Searching for augmenting paths for prioirity 23
INFO:root:Current roots: ['0']
INFO:root:There are no more augmenting paths for prioirity 23
INFO:root:Searching for augmenting paths for prioirity 24
INFO:root:No relevant roots
INFO:root:There are no more augmenting paths for prioirity 24
INFO:root:Searching for augmenting paths for prioirity 25
INFO:root:Current roots: ['37']
INFO:root:Current eligible edges: [('37', '1')]
INFO:root:Selected edge: ('37', '1')
INFO:root:u : 37
INFO:root:v : 1
INFO:root:B(v) is positive : False
INFO:root:B(v) and B(u) are in the same tree : False
INFO:root:curr blossoms list: {}
INFO:root:priority list: {'0': 23, '1': 27, '2': 9, '3': 10, '4': 9, '5': 20, '6': 20, '7': 48, '8': 45, '9': 4, '10': 13, '11': 21, '12': 40, '13': 13, '14': 44, '15': 36, '16': 11, '17': 50, '18': 33, '19': 35, '20': 19, '21': 10, '22': 16, '23': 32, '24': 22, '25': 20, '26': 3, '27': 40, '28': 9, '29': 35, '30': 29, '31': 26, '32': 14, '33': 40, '34': 28, '35': 37, '36': 50, '37': 25, '38': 40, '39': 6, '40': 39, '41': 48, '42': 49, '43': 46, '44': 33, '45': 3, '46': 33, '47': 4, '48': 22, '49': 35, 'test': 1}
INFO:root:First condition
INFO:root:It is not an augmenting path, add all incident edges to node test to eligible edges
INFO:root:There are no more augmenting paths for prioirity 25
INFO:root:Searching for augmenting paths for prioirity 26
INFO:root:Current roots: ['31']
INFO:root:There are no more augmenting paths for prioirity 26
INFO:root:Searching for augmenting paths for prioirity 27
INFO:root:No relevant roots
INFO:root:There are no more augmenting paths for prioirity 27
INFO:root:Searching for augmenting paths for prioirity 28
INFO:root:No relevant roots
INFO:root:There are no more augmenting paths for prioirity 28
INFO:root:Searching for augmenting paths for prioirity 29
INFO:root:No relevant roots
INFO:root:There are no more augmenting paths for prioirity 29
INFO:root:Searching for augmenting paths for prioirity 30
INFO:root:No relevant roots
INFO:root:There are no more augmenting paths for prioirity 30
INFO:root:Searching for augmenting paths for prioirity 31
INFO:root:No relevant roots
INFO:root:There are no more augmenting paths for prioirity 31
INFO:root:Searching for augmenting paths for prioirity 32
INFO:root:Current roots: ['23']
INFO:root:There are no more augmenting paths for prioirity 32
INFO:root:Searching for augmenting paths for prioirity 33
INFO:root:Current roots: ['18', '44', '46']
INFO:root:There are no more augmenting paths for prioirity 33
INFO:root:Searching for augmenting paths for prioirity 34
INFO:root:No relevant roots
INFO:root:There are no more augmenting paths for prioirity 34
INFO:root:Searching for augmenting paths for prioirity 35
INFO:root:Current roots: ['19', '29', '49']
INFO:root:There are no more augmenting paths for prioirity 35
INFO:root:Searching for augmenting paths for prioirity 36
INFO:root:Current roots: ['15']
INFO:root:There are no more augmenting paths for prioirity 36
INFO:root:Searching for augmenting paths for prioirity 37
INFO:root:Current roots: ['35']
INFO:root:There are no more augmenting paths for prioirity 37
INFO:root:Searching for augmenting paths for prioirity 38
INFO:root:No relevant roots
INFO:root:There are no more augmenting paths for prioirity 38
INFO:root:Searching for augmenting paths for prioirity 39
INFO:root:No relevant roots
INFO:root:There are no more augmenting paths for prioirity 39
INFO:root:Searching for augmenting paths for prioirity 40
INFO:root:Current roots: ['12', '27', '33', '38']
INFO:root:There are no more augmenting paths for prioirity 40
INFO:root:Searching for augmenting paths for prioirity 41
INFO:root:No relevant roots
INFO:root:There are no more augmenting paths for prioirity 41
INFO:root:Searching for augmenting paths for prioirity 42
INFO:root:No relevant roots
INFO:root:There are no more augmenting paths for prioirity 42
INFO:root:Searching for augmenting paths for prioirity 43
INFO:root:No relevant roots
INFO:root:There are no more augmenting paths for prioirity 43
INFO:root:Searching for augmenting paths for prioirity 44
INFO:root:Current roots: ['14']
INFO:root:There are no more augmenting paths for prioirity 44
INFO:root:Searching for augmenting paths for prioirity 45
INFO:root:Current roots: ['8']
INFO:root:There are no more augmenting paths for prioirity 45
INFO:root:Searching for augmenting paths for prioirity 46
INFO:root:Current roots: ['43']
INFO:root:There are no more augmenting paths for prioirity 46
INFO:root:Searching for augmenting paths for prioirity 47
INFO:root:No relevant roots
INFO:root:There are no more augmenting paths for prioirity 47
INFO:root:Searching for augmenting paths for prioirity 48
INFO:root:Current roots: ['7', '41']
INFO:root:There are no more augmenting paths for prioirity 48
INFO:root:Searching for augmenting paths for prioirity 49
INFO:root:Current roots: ['42']
INFO:root:There are no more augmenting paths for prioirity 49
INFO:root:Searching for augmenting paths for prioirity 50
INFO:root:Current roots: ['36']
INFO:root:There are no more augmenting paths for prioirity 50
INFO:root:Searching for augmenting paths for prioirity 51
INFO:root:No relevant roots
INFO:root:There are no more augmenting paths for prioirity 51
