INFO:root:Started building reduced graph from directed graph
DEBUG:root:checking node: 1
DEBUG:root:append to nodes_to_remove
DEBUG:root:checking node: 2
DEBUG:root:append to nodes_to_remove
DEBUG:root:checking node: 3
DEBUG:root:append to nodes_to_remove
DEBUG:root:checking node: 4
DEBUG:root:append to nodes_to_remove
DEBUG:root:checking node: 5
DEBUG:root:append to nodes_to_remove
DEBUG:root:checking node: 6
DEBUG:root:checking node: 7
DEBUG:root:checking node: 8
DEBUG:root:checking node: 9
DEBUG:root:checking node: 10
DEBUG:root:append to isolated_nodes
DEBUG:root:checking node: 11
DEBUG:root:append to isolated_nodes
DEBUG:root:Removed 2 isolated nodes from the graph
DEBUG:root:Removed 5 nodes from the graph. Returning g_tag: [6, 7, 8, 9]
INFO:root:Started genetic algorithm
INFO:root:Started counting equal size combinations
DEBUG:root:Calculating combinations for size 1
DEBUG:root:Calculating combinations for size 2
DEBUG:root:Calculating combinations for size 3
DEBUG:root:Calculating combinations for size 4
DEBUG:root:Total number of equal size combinations: 69
DEBUG:root:Generating 34 solutions
DEBUG:root:Evaluating solutions in generation 1
INFO:root:Started calculating fitness
DEBUG:root:Graphs are isomorphic
DEBUG:root:Calculating fitness value: 0.0
WARNING:root:Found solution with fitness score <= ALPHA (0) in generation 1
